{
  message: 'Database is Connected Successfully',
  level: 'info',
  label: 'Anik😊',
  timestamp: '2023-06-10T16:50:02.976Z'
}
{
  message: 'Application listening on port 5000',
  level: 'info',
  label: 'Anik😊',
  timestamp: '2023-06-10T16:50:02.981Z'
}
{
  message: 'Database is Connected Successfully',
  level: 'info',
  label: 'UM😊',
  timestamp: '2023-06-10T16:54:25.176Z'
}
{
  message: 'Application listening on port 5000',
  level: 'info',
  label: 'UM😊',
  timestamp: '2023-06-10T16:54:25.180Z'
}
