{
  message: 'Database is Connected Successfully',
  level: 'info',
  label: 'UM😊',
  timestamp: '2023-06-22T18:01:01.604Z'
}
{
  message: 'Application listening on port 5000',
  level: 'info',
  label: 'UM😊',
  timestamp: '2023-06-22T18:01:01.621Z'
}
{
  message: 'Database is Connected Successfully',
  level: 'info',
  label: 'UM😊',
  timestamp: '2023-06-22T18:01:14.449Z'
}
{
  message: 'Application listening on port 5000',
  level: 'info',
  label: 'UM😊',
  timestamp: '2023-06-22T18:01:14.452Z'
}
{
  message: 'Database is Connected Successfully',
  level: 'info',
  label: 'UM😊',
  timestamp: '2023-06-22T18:18:58.893Z'
}
{
  message: 'Application listening on port 5000',
  level: 'info',
  label: 'UM😊',
  timestamp: '2023-06-22T18:18:58.897Z'
}
{
  message: 'Database is Connected Successfully',
  level: 'info',
  label: 'UM😊',
  timestamp: '2023-06-22T18:21:26.883Z'
}
{
  message: 'Application listening on port 5000',
  level: 'info',
  label: 'UM😊',
  timestamp: '2023-06-22T18:21:26.887Z'
}
{
  message: 'Database is Connected Successfully',
  level: 'info',
  label: 'UM😊',
  timestamp: '2023-06-22T18:21:53.746Z'
}
{
  message: 'Application listening on port 5000',
  level: 'info',
  label: 'UM😊',
  timestamp: '2023-06-22T18:21:53.749Z'
}
{
  message: 'Database is Connected Successfully',
  level: 'info',
  label: 'UM😊',
  timestamp: '2023-06-22T18:23:38.337Z'
}
{
  message: 'Application listening on port 5000',
  level: 'info',
  label: 'UM😊',
  timestamp: '2023-06-22T18:23:38.343Z'
}
{
  message: 'Database is Connected Successfully',
  level: 'info',
  label: 'UM😊',
  timestamp: '2023-06-22T18:23:43.663Z'
}
{
  message: 'Application listening on port 5000',
  level: 'info',
  label: 'UM😊',
  timestamp: '2023-06-22T18:23:43.670Z'
}
{
  message: 'Database is Connected Successfully',
  level: 'info',
  label: 'UM😊',
  timestamp: '2023-06-22T18:24:49.434Z'
}
{
  message: 'Application listening on port 5000',
  level: 'info',
  label: 'UM😊',
  timestamp: '2023-06-22T18:24:49.438Z'
}
{
  message: 'Database is Connected Successfully',
  level: 'info',
  label: 'UM😊',
  timestamp: '2023-06-22T18:24:57.159Z'
}
{
  message: 'Application listening on port 5000',
  level: 'info',
  label: 'UM😊',
  timestamp: '2023-06-22T18:24:57.163Z'
}
{
  message: 'Database is Connected Successfully',
  level: 'info',
  label: 'UM😊',
  timestamp: '2023-06-22T18:25:12.426Z'
}
{
  message: 'Application listening on port 5000',
  level: 'info',
  label: 'UM😊',
  timestamp: '2023-06-22T18:25:12.430Z'
}
{
  message: 'Database is Connected Successfully',
  level: 'info',
  label: 'UM😊',
  timestamp: '2023-06-22T18:25:24.011Z'
}
{
  message: 'Application listening on port 5000',
  level: 'info',
  label: 'UM😊',
  timestamp: '2023-06-22T18:25:24.014Z'
}
{
  message: 'Database is Connected Successfully',
  level: 'info',
  label: 'UM😊',
  timestamp: '2023-06-22T18:51:23.614Z'
}
{
  message: 'Application listening on port 5000',
  level: 'info',
  label: 'UM😊',
  timestamp: '2023-06-22T18:51:23.622Z'
}
{
  message: 'Database is Connected Successfully',
  level: 'info',
  label: 'UM😊',
  timestamp: '2023-06-22T18:51:32.152Z'
}
{
  message: 'Application listening on port 5000',
  level: 'info',
  label: 'UM😊',
  timestamp: '2023-06-22T18:51:32.160Z'
}
{
  message: 'Database is Connected Successfully',
  level: 'info',
  label: 'UM😊',
  timestamp: '2023-06-22T18:51:48.288Z'
}
{
  message: 'Application listening on port 5000',
  level: 'info',
  label: 'UM😊',
  timestamp: '2023-06-22T18:51:48.291Z'
}
{
  message: 'Database is Connected Successfully',
  level: 'info',
  label: 'UM😊',
  timestamp: '2023-06-22T18:52:13.459Z'
}
{
  message: 'Application listening on port 5000',
  level: 'info',
  label: 'UM😊',
  timestamp: '2023-06-22T18:52:13.462Z'
}
{
  message: 'Database is Connected Successfully',
  level: 'info',
  label: 'UM😊',
  timestamp: '2023-06-22T18:52:51.009Z'
}
{
  message: 'Application listening on port 5000',
  level: 'info',
  label: 'UM😊',
  timestamp: '2023-06-22T18:52:51.012Z'
}
{
  message: 'Database is Connected Successfully',
  level: 'info',
  label: 'UM😊',
  timestamp: '2023-06-22T18:53:08.353Z'
}
{
  message: 'Application listening on port 5000',
  level: 'info',
  label: 'UM😊',
  timestamp: '2023-06-22T18:53:08.361Z'
}
{
  message: 'Database is Connected Successfully',
  level: 'info',
  label: 'UM😊',
  timestamp: '2023-06-22T18:57:20.373Z'
}
{
  message: 'Application listening on port 5000',
  level: 'info',
  label: 'UM😊',
  timestamp: '2023-06-22T18:57:20.378Z'
}
{
  message: 'Database is Connected Successfully',
  level: 'info',
  label: 'UM😊',
  timestamp: '2023-06-22T18:57:24.009Z'
}
{
  message: 'Application listening on port 5000',
  level: 'info',
  label: 'UM😊',
  timestamp: '2023-06-22T18:57:24.019Z'
}
{
  message: 'Database is Connected Successfully',
  level: 'info',
  label: 'UM😊',
  timestamp: '2023-06-22T18:57:32.406Z'
}
{
  message: 'Application listening on port 5000',
  level: 'info',
  label: 'UM😊',
  timestamp: '2023-06-22T18:57:32.410Z'
}
{
  message: 'Database is Connected Successfully',
  level: 'info',
  label: 'UM😊',
  timestamp: '2023-06-22T18:57:41.386Z'
}
{
  message: 'Application listening on port 5000',
  level: 'info',
  label: 'UM😊',
  timestamp: '2023-06-22T18:57:41.389Z'
}
{
  message: 'Database is Connected Successfully',
  level: 'info',
  label: 'UM😊',
  timestamp: '2023-06-22T18:57:54.373Z'
}
{
  message: 'Application listening on port 5000',
  level: 'info',
  label: 'UM😊',
  timestamp: '2023-06-22T18:57:54.379Z'
}
