{
  message: 'Database is Connected Successfully',
  level: 'info',
  label: 'UM😊',
  timestamp: '2023-07-06T23:19:17.925Z'
}
{
  message: 'Application listening on port 5000',
  level: 'info',
  label: 'UM😊',
  timestamp: '2023-07-06T23:19:17.931Z'
}
{
  message: 'Database is Connected Successfully',
  level: 'info',
  label: 'UM😊',
  timestamp: '2023-07-06T23:33:13.620Z'
}
{
  message: 'Application listening on port 5000',
  level: 'info',
  label: 'UM😊',
  timestamp: '2023-07-06T23:33:13.625Z'
}
{
  message: 'Database is Connected Successfully',
  level: 'info',
  label: 'UM😊',
  timestamp: '2023-07-06T23:36:19.106Z'
}
{
  message: 'Application listening on port 5000',
  level: 'info',
  label: 'UM😊',
  timestamp: '2023-07-06T23:36:19.111Z'
}
{
  message: 'Database is Connected Successfully',
  level: 'info',
  label: 'UM😊',
  timestamp: '2023-07-06T23:36:33.822Z'
}
{
  message: 'Application listening on port 5000',
  level: 'info',
  label: 'UM😊',
  timestamp: '2023-07-06T23:36:33.827Z'
}
{
  message: 'Database is Connected Successfully',
  level: 'info',
  label: 'UM😊',
  timestamp: '2023-07-06T23:37:54.693Z'
}
{
  message: 'Application listening on port 5000',
  level: 'info',
  label: 'UM😊',
  timestamp: '2023-07-06T23:37:54.697Z'
}
{
  message: 'Database is Connected Successfully',
  level: 'info',
  label: 'UM😊',
  timestamp: '2023-07-06T23:37:59.621Z'
}
{
  message: 'Application listening on port 5000',
  level: 'info',
  label: 'UM😊',
  timestamp: '2023-07-06T23:37:59.625Z'
}
{
  message: 'Database is Connected Successfully',
  level: 'info',
  label: 'UM😊',
  timestamp: '2023-07-06T23:38:12.532Z'
}
{
  message: 'Application listening on port 5000',
  level: 'info',
  label: 'UM😊',
  timestamp: '2023-07-06T23:38:12.538Z'
}
{
  message: 'Database is Connected Successfully',
  level: 'info',
  label: 'UM😊',
  timestamp: '2023-07-06T23:38:40.526Z'
}
{
  message: 'Application listening on port 5000',
  level: 'info',
  label: 'UM😊',
  timestamp: '2023-07-06T23:38:40.531Z'
}
{
  message: 'Database is Connected Successfully',
  level: 'info',
  label: 'UM😊',
  timestamp: '2023-07-06T23:38:51.814Z'
}
{
  message: 'Application listening on port 5000',
  level: 'info',
  label: 'UM😊',
  timestamp: '2023-07-06T23:38:51.819Z'
}
{
  message: 'Database is Connected Successfully',
  level: 'info',
  label: 'UM😊',
  timestamp: '2023-07-06T23:39:52.570Z'
}
{
  message: 'Application listening on port 5000',
  level: 'info',
  label: 'UM😊',
  timestamp: '2023-07-06T23:39:52.575Z'
}
{
  message: 'Database is Connected Successfully',
  level: 'info',
  label: 'UM😊',
  timestamp: '2023-07-06T23:40:31.380Z'
}
{
  message: 'Application listening on port 5000',
  level: 'info',
  label: 'UM😊',
  timestamp: '2023-07-06T23:40:31.385Z'
}
{
  message: 'Database is Connected Successfully',
  level: 'info',
  label: 'UM😊',
  timestamp: '2023-07-06T23:40:42.692Z'
}
{
  message: 'Application listening on port 5000',
  level: 'info',
  label: 'UM😊',
  timestamp: '2023-07-06T23:40:42.697Z'
}
{
  message: 'Database is Connected Successfully',
  level: 'info',
  label: 'UM😊',
  timestamp: '2023-07-06T23:43:07.302Z'
}
{
  message: 'Application listening on port 5000',
  level: 'info',
  label: 'UM😊',
  timestamp: '2023-07-06T23:43:07.307Z'
}
