{
  message: 'Database is Connected Successfully',
  level: 'info',
  label: 'UM😊',
  timestamp: '2023-07-04T19:06:46.825Z'
}
{
  message: 'Application listening on port 5000',
  level: 'info',
  label: 'UM😊',
  timestamp: '2023-07-04T19:06:46.830Z'
}
{
  message: 'Database is Connected Successfully',
  level: 'info',
  label: 'UM😊',
  timestamp: '2023-07-04T19:06:59.791Z'
}
{
  message: 'Application listening on port 5000',
  level: 'info',
  label: 'UM😊',
  timestamp: '2023-07-04T19:06:59.800Z'
}
{
  message: 'Database is Connected Successfully',
  level: 'info',
  label: 'UM😊',
  timestamp: '2023-07-04T19:07:05.813Z'
}
{
  message: 'Application listening on port 5000',
  level: 'info',
  label: 'UM😊',
  timestamp: '2023-07-04T19:07:05.818Z'
}
{
  message: 'Database is Connected Successfully',
  level: 'info',
  label: 'UM😊',
  timestamp: '2023-07-04T19:08:25.202Z'
}
{
  message: 'Application listening on port 5000',
  level: 'info',
  label: 'UM😊',
  timestamp: '2023-07-04T19:08:25.208Z'
}
{
  message: 'Database is Connected Successfully',
  level: 'info',
  label: 'UM😊',
  timestamp: '2023-07-04T19:08:29.554Z'
}
{
  message: 'Application listening on port 5000',
  level: 'info',
  label: 'UM😊',
  timestamp: '2023-07-04T19:08:29.559Z'
}
{
  message: 'Database is Connected Successfully',
  level: 'info',
  label: 'UM😊',
  timestamp: '2023-07-04T19:08:50.417Z'
}
{
  message: 'Application listening on port 5000',
  level: 'info',
  label: 'UM😊',
  timestamp: '2023-07-04T19:08:50.422Z'
}
{
  message: 'Database is Connected Successfully',
  level: 'info',
  label: 'UM😊',
  timestamp: '2023-07-04T19:09:31.012Z'
}
{
  message: 'Application listening on port 5000',
  level: 'info',
  label: 'UM😊',
  timestamp: '2023-07-04T19:09:31.025Z'
}
{
  message: 'Database is Connected Successfully',
  level: 'info',
  label: 'UM😊',
  timestamp: '2023-07-04T19:10:00.380Z'
}
{
  message: 'Application listening on port 5000',
  level: 'info',
  label: 'UM😊',
  timestamp: '2023-07-04T19:10:00.390Z'
}
{
  message: 'Database is Connected Successfully',
  level: 'info',
  label: 'UM😊',
  timestamp: '2023-07-04T19:10:37.198Z'
}
{
  message: 'Application listening on port 5000',
  level: 'info',
  label: 'UM😊',
  timestamp: '2023-07-04T19:10:37.203Z'
}
{
  message: 'Database is Connected Successfully',
  level: 'info',
  label: 'UM😊',
  timestamp: '2023-07-04T19:11:06.143Z'
}
{
  message: 'Application listening on port 5000',
  level: 'info',
  label: 'UM😊',
  timestamp: '2023-07-04T19:11:06.150Z'
}
{
  message: 'Database is Connected Successfully',
  level: 'info',
  label: 'UM😊',
  timestamp: '2023-07-04T19:11:55.433Z'
}
{
  message: 'Application listening on port 5000',
  level: 'info',
  label: 'UM😊',
  timestamp: '2023-07-04T19:11:55.440Z'
}
{
  message: 'Database is Connected Successfully',
  level: 'info',
  label: 'UM😊',
  timestamp: '2023-07-04T19:12:01.257Z'
}
{
  message: 'Application listening on port 5000',
  level: 'info',
  label: 'UM😊',
  timestamp: '2023-07-04T19:12:01.266Z'
}
{
  message: 'Database is Connected Successfully',
  level: 'info',
  label: 'UM😊',
  timestamp: '2023-07-04T19:12:09.655Z'
}
{
  message: 'Application listening on port 5000',
  level: 'info',
  label: 'UM😊',
  timestamp: '2023-07-04T19:12:09.669Z'
}
{
  message: 'Database is Connected Successfully',
  level: 'info',
  label: 'UM😊',
  timestamp: '2023-07-04T19:12:20.489Z'
}
{
  message: 'Application listening on port 5000',
  level: 'info',
  label: 'UM😊',
  timestamp: '2023-07-04T19:12:20.499Z'
}
{
  message: 'Database is Connected Successfully',
  level: 'info',
  label: 'UM😊',
  timestamp: '2023-07-04T19:14:14.508Z'
}
{
  message: 'Application listening on port 5000',
  level: 'info',
  label: 'UM😊',
  timestamp: '2023-07-04T19:14:14.513Z'
}
