{
  message: 'Database is Connected Successfully',
  level: 'info',
  label: 'UM😊',
  timestamp: '2023-07-04T17:16:27.440Z'
}
{
  message: 'Application listening on port 5000',
  level: 'info',
  label: 'UM😊',
  timestamp: '2023-07-04T17:16:27.449Z'
}
{
  message: 'Database is Connected Successfully',
  level: 'info',
  label: 'UM😊',
  timestamp: '2023-07-04T17:16:31.479Z'
}
{
  message: 'Application listening on port 5000',
  level: 'info',
  label: 'UM😊',
  timestamp: '2023-07-04T17:16:31.490Z'
}
{
  message: 'Database is Connected Successfully',
  level: 'info',
  label: 'UM😊',
  timestamp: '2023-07-04T17:16:48.987Z'
}
{
  message: 'Application listening on port 5000',
  level: 'info',
  label: 'UM😊',
  timestamp: '2023-07-04T17:16:48.995Z'
}
{
  message: 'Database is Connected Successfully',
  level: 'info',
  label: 'UM😊',
  timestamp: '2023-07-04T17:17:42.007Z'
}
{
  message: 'Application listening on port 5000',
  level: 'info',
  label: 'UM😊',
  timestamp: '2023-07-04T17:17:42.018Z'
}
{
  message: 'Database is Connected Successfully',
  level: 'info',
  label: 'UM😊',
  timestamp: '2023-07-04T17:17:54.922Z'
}
{
  message: 'Application listening on port 5000',
  level: 'info',
  label: 'UM😊',
  timestamp: '2023-07-04T17:17:54.926Z'
}
{
  message: 'Database is Connected Successfully',
  level: 'info',
  label: 'UM😊',
  timestamp: '2023-07-04T17:18:10.022Z'
}
{
  message: 'Application listening on port 5000',
  level: 'info',
  label: 'UM😊',
  timestamp: '2023-07-04T17:18:10.026Z'
}
{
  message: 'Database is Connected Successfully',
  level: 'info',
  label: 'UM😊',
  timestamp: '2023-07-04T17:18:34.269Z'
}
{
  message: 'Application listening on port 5000',
  level: 'info',
  label: 'UM😊',
  timestamp: '2023-07-04T17:18:34.275Z'
}
{
  message: 'Database is Connected Successfully',
  level: 'info',
  label: 'UM😊',
  timestamp: '2023-07-04T17:18:55.370Z'
}
{
  message: 'Application listening on port 5000',
  level: 'info',
  label: 'UM😊',
  timestamp: '2023-07-04T17:18:55.375Z'
}
{
  message: 'Database is Connected Successfully',
  level: 'info',
  label: 'UM😊',
  timestamp: '2023-07-04T17:19:19.332Z'
}
{
  message: 'Application listening on port 5000',
  level: 'info',
  label: 'UM😊',
  timestamp: '2023-07-04T17:19:19.343Z'
}
{
  message: 'Database is Connected Successfully',
  level: 'info',
  label: 'UM😊',
  timestamp: '2023-07-04T17:19:27.772Z'
}
{
  message: 'Application listening on port 5000',
  level: 'info',
  label: 'UM😊',
  timestamp: '2023-07-04T17:19:27.778Z'
}
{
  message: 'Database is Connected Successfully',
  level: 'info',
  label: 'UM😊',
  timestamp: '2023-07-04T17:19:52.565Z'
}
{
  message: 'Application listening on port 5000',
  level: 'info',
  label: 'UM😊',
  timestamp: '2023-07-04T17:19:52.570Z'
}
{
  message: 'Database is Connected Successfully',
  level: 'info',
  label: 'UM😊',
  timestamp: '2023-07-04T17:20:37.527Z'
}
{
  message: 'Application listening on port 5000',
  level: 'info',
  label: 'UM😊',
  timestamp: '2023-07-04T17:20:37.535Z'
}
{
  message: 'Database is Connected Successfully',
  level: 'info',
  label: 'UM😊',
  timestamp: '2023-07-04T17:21:07.013Z'
}
{
  message: 'Application listening on port 5000',
  level: 'info',
  label: 'UM😊',
  timestamp: '2023-07-04T17:21:07.018Z'
}
{
  message: 'Database is Connected Successfully',
  level: 'info',
  label: 'UM😊',
  timestamp: '2023-07-04T17:21:29.012Z'
}
{
  message: 'Application listening on port 5000',
  level: 'info',
  label: 'UM😊',
  timestamp: '2023-07-04T17:21:29.023Z'
}
{
  message: 'Database is Connected Successfully',
  level: 'info',
  label: 'UM😊',
  timestamp: '2023-07-04T17:21:48.379Z'
}
{
  message: 'Application listening on port 5000',
  level: 'info',
  label: 'UM😊',
  timestamp: '2023-07-04T17:21:48.386Z'
}
{
  message: 'Database is Connected Successfully',
  level: 'info',
  label: 'UM😊',
  timestamp: '2023-07-04T17:23:28.307Z'
}
{
  message: 'Application listening on port 5000',
  level: 'info',
  label: 'UM😊',
  timestamp: '2023-07-04T17:23:28.313Z'
}
{
  message: 'Database is Connected Successfully',
  level: 'info',
  label: 'UM😊',
  timestamp: '2023-07-04T17:23:47.687Z'
}
{
  message: 'Application listening on port 5000',
  level: 'info',
  label: 'UM😊',
  timestamp: '2023-07-04T17:23:47.692Z'
}
{
  message: 'Database is Connected Successfully',
  level: 'info',
  label: 'UM😊',
  timestamp: '2023-07-04T17:24:04.985Z'
}
{
  message: 'Application listening on port 5000',
  level: 'info',
  label: 'UM😊',
  timestamp: '2023-07-04T17:24:04.989Z'
}
{
  message: 'Database is Connected Successfully',
  level: 'info',
  label: 'UM😊',
  timestamp: '2023-07-04T17:24:10.808Z'
}
{
  message: 'Application listening on port 5000',
  level: 'info',
  label: 'UM😊',
  timestamp: '2023-07-04T17:24:10.812Z'
}
{
  message: 'Database is Connected Successfully',
  level: 'info',
  label: 'UM😊',
  timestamp: '2023-07-04T17:24:45.793Z'
}
{
  message: 'Application listening on port 5000',
  level: 'info',
  label: 'UM😊',
  timestamp: '2023-07-04T17:24:45.798Z'
}
{
  message: 'Database is Connected Successfully',
  level: 'info',
  label: 'UM😊',
  timestamp: '2023-07-04T17:25:25.450Z'
}
{
  message: 'Application listening on port 5000',
  level: 'info',
  label: 'UM😊',
  timestamp: '2023-07-04T17:25:25.456Z'
}
{
  message: 'Database is Connected Successfully',
  level: 'info',
  label: 'UM😊',
  timestamp: '2023-07-04T17:25:57.079Z'
}
{
  message: 'Application listening on port 5000',
  level: 'info',
  label: 'UM😊',
  timestamp: '2023-07-04T17:25:57.085Z'
}
{
  message: 'Database is Connected Successfully',
  level: 'info',
  label: 'UM😊',
  timestamp: '2023-07-04T17:26:04.764Z'
}
{
  message: 'Application listening on port 5000',
  level: 'info',
  label: 'UM😊',
  timestamp: '2023-07-04T17:26:04.771Z'
}
{
  message: 'Database is Connected Successfully',
  level: 'info',
  label: 'UM😊',
  timestamp: '2023-07-04T17:27:09.010Z'
}
{
  message: 'Application listening on port 5000',
  level: 'info',
  label: 'UM😊',
  timestamp: '2023-07-04T17:27:09.017Z'
}
{
  message: 'Database is Connected Successfully',
  level: 'info',
  label: 'UM😊',
  timestamp: '2023-07-04T17:27:17.783Z'
}
{
  message: 'Application listening on port 5000',
  level: 'info',
  label: 'UM😊',
  timestamp: '2023-07-04T17:27:17.787Z'
}
{
  message: 'Database is Connected Successfully',
  level: 'info',
  label: 'UM😊',
  timestamp: '2023-07-04T17:27:55.352Z'
}
{
  message: 'Application listening on port 5000',
  level: 'info',
  label: 'UM😊',
  timestamp: '2023-07-04T17:27:55.356Z'
}
{
  message: 'Database is Connected Successfully',
  level: 'info',
  label: 'UM😊',
  timestamp: '2023-07-04T17:28:00.400Z'
}
{
  message: 'Application listening on port 5000',
  level: 'info',
  label: 'UM😊',
  timestamp: '2023-07-04T17:28:00.405Z'
}
{
  message: 'Database is Connected Successfully',
  level: 'info',
  label: 'UM😊',
  timestamp: '2023-07-04T17:28:04.679Z'
}
{
  message: 'Application listening on port 5000',
  level: 'info',
  label: 'UM😊',
  timestamp: '2023-07-04T17:28:04.684Z'
}
{
  message: 'Database is Connected Successfully',
  level: 'info',
  label: 'UM😊',
  timestamp: '2023-07-04T17:28:29.946Z'
}
{
  message: 'Application listening on port 5000',
  level: 'info',
  label: 'UM😊',
  timestamp: '2023-07-04T17:28:29.950Z'
}
{
  message: 'Database is Connected Successfully',
  level: 'info',
  label: 'UM😊',
  timestamp: '2023-07-04T17:28:39.721Z'
}
{
  message: 'Application listening on port 5000',
  level: 'info',
  label: 'UM😊',
  timestamp: '2023-07-04T17:28:39.726Z'
}
{
  message: 'Database is Connected Successfully',
  level: 'info',
  label: 'UM😊',
  timestamp: '2023-07-04T17:43:55.989Z'
}
{
  message: 'Application listening on port 5000',
  level: 'info',
  label: 'UM😊',
  timestamp: '2023-07-04T17:43:55.996Z'
}
{
  message: 'Database is Connected Successfully',
  level: 'info',
  label: 'UM😊',
  timestamp: '2023-07-04T17:44:01.745Z'
}
{
  message: 'Application listening on port 5000',
  level: 'info',
  label: 'UM😊',
  timestamp: '2023-07-04T17:44:01.749Z'
}
{
  message: 'Database is Connected Successfully',
  level: 'info',
  label: 'UM😊',
  timestamp: '2023-07-04T17:56:09.450Z'
}
{
  message: 'Application listening on port 5000',
  level: 'info',
  label: 'UM😊',
  timestamp: '2023-07-04T17:56:09.454Z'
}
{
  message: 'Database is Connected Successfully',
  level: 'info',
  label: 'UM😊',
  timestamp: '2023-07-04T17:56:53.549Z'
}
{
  message: 'Application listening on port 5000',
  level: 'info',
  label: 'UM😊',
  timestamp: '2023-07-04T17:56:53.553Z'
}
{
  message: 'Database is Connected Successfully',
  level: 'info',
  label: 'UM😊',
  timestamp: '2023-07-04T17:57:07.192Z'
}
{
  message: 'Application listening on port 5000',
  level: 'info',
  label: 'UM😊',
  timestamp: '2023-07-04T17:57:07.196Z'
}
{
  message: 'Database is Connected Successfully',
  level: 'info',
  label: 'UM😊',
  timestamp: '2023-07-04T17:58:05.429Z'
}
{
  message: 'Application listening on port 5000',
  level: 'info',
  label: 'UM😊',
  timestamp: '2023-07-04T17:58:05.433Z'
}
{
  message: 'Database is Connected Successfully',
  level: 'info',
  label: 'UM😊',
  timestamp: '2023-07-04T17:58:13.494Z'
}
{
  message: 'Application listening on port 5000',
  level: 'info',
  label: 'UM😊',
  timestamp: '2023-07-04T17:58:13.498Z'
}
{
  message: 'Database is Connected Successfully',
  level: 'info',
  label: 'UM😊',
  timestamp: '2023-07-04T17:58:44.978Z'
}
{
  message: 'Application listening on port 5000',
  level: 'info',
  label: 'UM😊',
  timestamp: '2023-07-04T17:58:44.983Z'
}
