{
  message: 'Database is Connected Successfully',
  level: 'info',
  label: 'UM😊',
  timestamp: '2023-07-25T18:36:12.992Z'
}
{
  message: 'Application listening on port 5000',
  level: 'info',
  label: 'UM😊',
  timestamp: '2023-07-25T18:36:13.115Z'
}
{
  message: 'Database is Connected Successfully',
  level: 'info',
  label: 'UM😊',
  timestamp: '2023-07-25T18:43:58.491Z'
}
{
  message: 'Application listening on port 5000',
  level: 'info',
  label: 'UM😊',
  timestamp: '2023-07-25T18:43:58.497Z'
}
{
  message: 'Database is Connected Successfully',
  level: 'info',
  label: 'UM😊',
  timestamp: '2023-07-25T18:45:10.160Z'
}
{
  message: 'Application listening on port 5000',
  level: 'info',
  label: 'UM😊',
  timestamp: '2023-07-25T18:45:10.166Z'
}
{
  message: 'Database is Connected Successfully',
  level: 'info',
  label: 'UM😊',
  timestamp: '2023-07-25T18:45:26.415Z'
}
{
  message: 'Application listening on port 5000',
  level: 'info',
  label: 'UM😊',
  timestamp: '2023-07-25T18:45:26.420Z'
}
{
  message: 'Database is Connected Successfully',
  level: 'info',
  label: 'UM😊',
  timestamp: '2023-07-25T18:48:30.895Z'
}
{
  message: 'Application listening on port 5000',
  level: 'info',
  label: 'UM😊',
  timestamp: '2023-07-25T18:48:30.900Z'
}
{
  message: 'Database is Connected Successfully',
  level: 'info',
  label: 'UM😊',
  timestamp: '2023-07-25T18:52:20.261Z'
}
{
  message: 'Application listening on port 5000',
  level: 'info',
  label: 'UM😊',
  timestamp: '2023-07-25T18:52:20.266Z'
}
{
  message: 'Database is Connected Successfully',
  level: 'info',
  label: 'UM😊',
  timestamp: '2023-07-25T18:53:12.225Z'
}
{
  message: 'Application listening on port 5000',
  level: 'info',
  label: 'UM😊',
  timestamp: '2023-07-25T18:53:12.231Z'
}
