{
  issues: [
    {
      received: '05',
      code: 'invalid_enum_value',
      options: [ '01', '02', '03' ],
      path: [ 'body', 'code' ],
      message: "Invalid enum value. Expected '01' | '02' | '03', received '05'"
    }
  ],
  addIssue: [Function (anonymous)],
  addIssues: [Function (anonymous)],
  name: 'ZodError',
  level: 'error',
  message: '🔴 globalErrorHandler ~ [\n' +
    '  {\n' +
    '    "received": "05",\n' +
    '    "code": "invalid_enum_value",\n' +
    '    "options": [\n' +
    '      "01",\n' +
    '      "02",\n' +
    '      "03"\n' +
    '    ],\n' +
    '    "path": [\n' +
    '      "body",\n' +
    '      "code"\n' +
    '    ],\n' +
    `    "message": "Invalid enum value. Expected '01' | '02' | '03', received '05'"\n` +
    '  }\n' +
    ']',
  stack: 'ZodError: [\n' +
    '  {\n' +
    '    "received": "05",\n' +
    '    "code": "invalid_enum_value",\n' +
    '    "options": [\n' +
    '      "01",\n' +
    '      "02",\n' +
    '      "03"\n' +
    '    ],\n' +
    '    "path": [\n' +
    '      "body",\n' +
    '      "code"\n' +
    '    ],\n' +
    `    "message": "Invalid enum value. Expected '01' | '02' | '03', received '05'"\n` +
    '  }\n' +
    ']\n' +
    '    at Object.get error [as error] (C:\\Next Level Course\\UniversityManagement\\UniversityManagementServer\\node_modules\\zod\\lib\\types.js:43:31)\n' +
    '    at ZodObject.parseAsync (C:\\Next Level Course\\UniversityManagement\\UniversityManagementServer\\node_modules\\zod\\lib\\types.js:164:22)\n' +
    '    at processTicksAndRejections (node:internal/process/task_queues:95:5)',
  label: 'UM😊',
  timestamp: '2023-06-26T13:51:21.445Z'
}
