{
  ok: 0,
  code: 2,
  codeName: 'BadValue',
  '$clusterTime': {
    clusterTime: new Timestamp({ t: 1688487640, i: 76 }),
    signature: {
      hash: Binary.createFromBase64("24UH++15t9qPU27W9XL+499sNtU=", 0),
      keyId: new Long("7206028535033495554")
    }
  },
  operationTime: new Timestamp({ t: 1688487640, i: 76 }),
  level: 'error',
  message: '🔴 globalErrorHandler ~ $and/$or/$nor must be a nonempty array',
  stack: 'MongoServerError: $and/$or/$nor must be a nonempty array\n' +
    '    at Connection.onMessage (C:\\Next Level Course\\UniversityManagement\\UniversityManagementServer\\node_modules\\mongodb\\src\\cmap\\connection.ts:413:18)\n' +
    '    at MessageStream.<anonymous> (C:\\Next Level Course\\UniversityManagement\\UniversityManagementServer\\node_modules\\mongodb\\src\\cmap\\connection.ts:243:56)\n' +
    '    at MessageStream.emit (node:events:511:28)\n' +
    '    at processIncomingData (C:\\Next Level Course\\UniversityManagement\\UniversityManagementServer\\node_modules\\mongodb\\src\\cmap\\message_stream.ts:187:12)\n' +
    '    at MessageStream._write (C:\\Next Level Course\\UniversityManagement\\UniversityManagementServer\\node_modules\\mongodb\\src\\cmap\\message_stream.ts:68:5)\n' +
    '    at writeOrBuffer (node:internal/streams/writable:399:12)\n' +
    '    at _write (node:internal/streams/writable:340:10)\n' +
    '    at MessageStream.Writable.write (node:internal/streams/writable:344:10)\n' +
    '    at TLSSocket.ondata (node:internal/streams/readable:774:22)\n' +
    '    at TLSSocket.emit (node:events:511:28)',
  label: 'UM😊',
  timestamp: '2023-07-04T16:20:37.932Z',
  [Symbol(errorLabels)]: Set(0) {}
}
{
  ok: 0,
  code: 2,
  codeName: 'BadValue',
  '$clusterTime': {
    clusterTime: new Timestamp({ t: 1688488636, i: 54 }),
    signature: {
      hash: Binary.createFromBase64("ytFRmYTnnZDC2HzR22on81vwoBg=", 0),
      keyId: new Long("7206028535033495554")
    }
  },
  operationTime: new Timestamp({ t: 1688488636, i: 54 }),
  level: 'error',
  message: '🔴 globalErrorHandler ~ $and/$or/$nor must be a nonempty array',
  stack: 'MongoServerError: $and/$or/$nor must be a nonempty array\n' +
    '    at Connection.onMessage (C:\\Next Level Course\\UniversityManagement\\UniversityManagementServer\\node_modules\\mongodb\\src\\cmap\\connection.ts:413:18)\n' +
    '    at MessageStream.<anonymous> (C:\\Next Level Course\\UniversityManagement\\UniversityManagementServer\\node_modules\\mongodb\\src\\cmap\\connection.ts:243:56)\n' +
    '    at MessageStream.emit (node:events:511:28)\n' +
    '    at processIncomingData (C:\\Next Level Course\\UniversityManagement\\UniversityManagementServer\\node_modules\\mongodb\\src\\cmap\\message_stream.ts:187:12)\n' +
    '    at MessageStream._write (C:\\Next Level Course\\UniversityManagement\\UniversityManagementServer\\node_modules\\mongodb\\src\\cmap\\message_stream.ts:68:5)\n' +
    '    at writeOrBuffer (node:internal/streams/writable:399:12)\n' +
    '    at _write (node:internal/streams/writable:340:10)\n' +
    '    at MessageStream.Writable.write (node:internal/streams/writable:344:10)\n' +
    '    at TLSSocket.ondata (node:internal/streams/readable:774:22)\n' +
    '    at TLSSocket.emit (node:events:511:28)',
  label: 'UM😊',
  timestamp: '2023-07-04T16:37:16.822Z',
  [Symbol(errorLabels)]: Set(0) {}
}
{
  ok: 0,
  code: 2,
  codeName: 'BadValue',
  '$clusterTime': {
    clusterTime: new Timestamp({ t: 1688488685, i: 2 }),
    signature: {
      hash: Binary.createFromBase64("ysn56LseEJyVcpScj073fI/ulco=", 0),
      keyId: new Long("7206028535033495554")
    }
  },
  operationTime: new Timestamp({ t: 1688488685, i: 2 }),
  level: 'error',
  message: '🔴 globalErrorHandler ~ $and/$or/$nor must be a nonempty array',
  stack: 'MongoServerError: $and/$or/$nor must be a nonempty array\n' +
    '    at Connection.onMessage (C:\\Next Level Course\\UniversityManagement\\UniversityManagementServer\\node_modules\\mongodb\\src\\cmap\\connection.ts:413:18)\n' +
    '    at MessageStream.<anonymous> (C:\\Next Level Course\\UniversityManagement\\UniversityManagementServer\\node_modules\\mongodb\\src\\cmap\\connection.ts:243:56)\n' +
    '    at MessageStream.emit (node:events:511:28)\n' +
    '    at processIncomingData (C:\\Next Level Course\\UniversityManagement\\UniversityManagementServer\\node_modules\\mongodb\\src\\cmap\\message_stream.ts:187:12)\n' +
    '    at MessageStream._write (C:\\Next Level Course\\UniversityManagement\\UniversityManagementServer\\node_modules\\mongodb\\src\\cmap\\message_stream.ts:68:5)\n' +
    '    at writeOrBuffer (node:internal/streams/writable:399:12)\n' +
    '    at _write (node:internal/streams/writable:340:10)\n' +
    '    at MessageStream.Writable.write (node:internal/streams/writable:344:10)\n' +
    '    at TLSSocket.ondata (node:internal/streams/readable:774:22)\n' +
    '    at TLSSocket.emit (node:events:511:28)',
  label: 'UM😊',
  timestamp: '2023-07-04T16:38:05.171Z',
  [Symbol(errorLabels)]: Set(0) {}
}
{
  ok: 0,
  code: 2,
  codeName: 'BadValue',
  '$clusterTime': {
    clusterTime: new Timestamp({ t: 1688488717, i: 61 }),
    signature: {
      hash: Binary.createFromBase64("GPugxssAGUQsTYW0jh9uYF+ewgo=", 0),
      keyId: new Long("7206028535033495554")
    }
  },
  operationTime: new Timestamp({ t: 1688488717, i: 61 }),
  level: 'error',
  message: '🔴 globalErrorHandler ~ $and/$or/$nor must be a nonempty array',
  stack: 'MongoServerError: $and/$or/$nor must be a nonempty array\n' +
    '    at Connection.onMessage (C:\\Next Level Course\\UniversityManagement\\UniversityManagementServer\\node_modules\\mongodb\\src\\cmap\\connection.ts:413:18)\n' +
    '    at MessageStream.<anonymous> (C:\\Next Level Course\\UniversityManagement\\UniversityManagementServer\\node_modules\\mongodb\\src\\cmap\\connection.ts:243:56)\n' +
    '    at MessageStream.emit (node:events:511:28)\n' +
    '    at processIncomingData (C:\\Next Level Course\\UniversityManagement\\UniversityManagementServer\\node_modules\\mongodb\\src\\cmap\\message_stream.ts:187:12)\n' +
    '    at MessageStream._write (C:\\Next Level Course\\UniversityManagement\\UniversityManagementServer\\node_modules\\mongodb\\src\\cmap\\message_stream.ts:68:5)\n' +
    '    at writeOrBuffer (node:internal/streams/writable:399:12)\n' +
    '    at _write (node:internal/streams/writable:340:10)\n' +
    '    at MessageStream.Writable.write (node:internal/streams/writable:344:10)\n' +
    '    at TLSSocket.ondata (node:internal/streams/readable:774:22)\n' +
    '    at TLSSocket.emit (node:events:511:28)',
  label: 'UM😊',
  timestamp: '2023-07-04T16:38:37.832Z',
  [Symbol(errorLabels)]: Set(0) {}
}
