{
  statusCode: 409,
  level: 'error',
  message: '🔴 globalErrorHandler ~ Academic semester is already exist !',
  stack: 'Error: Academic semester is already exist !\n' +
    '    at model.<anonymous> (C:\\Next Level Course\\UniversityManagement\\UniversityManagementServer\\src\\app\\modules\\academicSemester\\academicSemesterModel.ts:54:11)\n' +
    '    at Generator.next (<anonymous>)\n' +
    '    at fulfilled (C:\\Next Level Course\\UniversityManagement\\UniversityManagementServer\\src\\app\\modules\\academicSemester\\academicSemesterModel.ts:5:58)\n' +
    '    at processTicksAndRejections (node:internal/process/task_queues:95:5)',
  label: 'UM😊',
  timestamp: '2023-06-25T21:34:08.483Z'
}
{
  statusCode: 400,
  level: 'error',
  message: '🔴 globalErrorHandler ~ Invalid semester code !',
  stack: 'Error: Invalid semester code !\n' +
    '    at C:\\Next Level Course\\UniversityManagement\\UniversityManagementServer\\src\\app\\modules\\academicSemester\\academicSemester.service.ts:11:11\n' +
    '    at Generator.next (<anonymous>)\n' +
    '    at C:\\Next Level Course\\UniversityManagement\\UniversityManagementServer\\src\\app\\modules\\academicSemester\\academicSemester.service.ts:8:71\n' +
    '    at new Promise (<anonymous>)\n' +
    '    at __awaiter (C:\\Next Level Course\\UniversityManagement\\UniversityManagementServer\\src\\app\\modules\\academicSemester\\academicSemester.service.ts:4:12)\n' +
    '    at Object.createSemester (C:\\Next Level Course\\UniversityManagement\\UniversityManagementServer\\src\\app\\modules\\academicSemester\\academicSemester.service.ts:9:33)\n' +
    '    at C:\\Next Level Course\\UniversityManagement\\UniversityManagementServer\\src\\app\\modules\\academicSemester\\academicSemester.controller.ts:7:50\n' +
    '    at Generator.next (<anonymous>)\n' +
    '    at C:\\Next Level Course\\UniversityManagement\\UniversityManagementServer\\src\\app\\modules\\academicSemester\\academicSemester.controller.ts:8:71\n' +
    '    at new Promise (<anonymous>)',
  label: 'UM😊',
  timestamp: '2023-06-25T21:46:57.694Z'
}
{
  statusCode: 409,
  level: 'error',
  message: '🔴 globalErrorHandler ~ Academic semester is already exist !',
  stack: 'Error: Academic semester is already exist !\n' +
    '    at model.<anonymous> (C:\\Next Level Course\\UniversityManagement\\UniversityManagementServer\\src\\app\\modules\\academicSemester\\academicSemesterModel.ts:53:11)\n' +
    '    at Generator.next (<anonymous>)\n' +
    '    at fulfilled (C:\\Next Level Course\\UniversityManagement\\UniversityManagementServer\\src\\app\\modules\\academicSemester\\academicSemesterModel.ts:5:58)\n' +
    '    at processTicksAndRejections (node:internal/process/task_queues:95:5)',
  label: 'UM😊',
  timestamp: '2023-06-25T21:47:05.297Z'
}
