{
  code: 'EADDRINUSE',
  errno: -4091,
  syscall: 'listen',
  address: '::',
  port: 5000,
  level: 'error',
  label: 'UM😊',
  timestamp: '2023-07-10T16:01:05.034Z'
}
{
  code: 'EADDRINUSE',
  errno: -4091,
  syscall: 'listen',
  address: '::',
  port: 5000,
  level: 'error',
  label: 'UM😊',
  timestamp: '2023-07-10T16:01:12.611Z'
}
{
  code: 'EADDRINUSE',
  errno: -4091,
  syscall: 'listen',
  address: '::',
  port: 5000,
  level: 'error',
  label: 'UM😊',
  timestamp: '2023-07-10T16:01:41.832Z'
}
{
  code: 'EADDRINUSE',
  errno: -4091,
  syscall: 'listen',
  address: '::',
  port: 5000,
  level: 'error',
  label: 'UM😊',
  timestamp: '2023-07-10T16:01:50.098Z'
}
{
  code: 'EADDRINUSE',
  errno: -4091,
  syscall: 'listen',
  address: '::',
  port: 5000,
  level: 'error',
  label: 'UM😊',
  timestamp: '2023-07-10T16:01:54.493Z'
}
{
  code: 'EADDRINUSE',
  errno: -4091,
  syscall: 'listen',
  address: '::',
  port: 5000,
  level: 'error',
  label: 'UM😊',
  timestamp: '2023-07-10T16:15:54.030Z'
}
{
  code: 'EADDRINUSE',
  errno: -4091,
  syscall: 'listen',
  address: '::',
  port: 5000,
  level: 'error',
  label: 'UM😊',
  timestamp: '2023-07-10T16:20:54.843Z'
}
{
  code: 'EADDRINUSE',
  errno: -4091,
  syscall: 'listen',
  address: '::',
  port: 5000,
  level: 'error',
  label: 'UM😊',
  timestamp: '2023-07-10T16:29:55.526Z'
}
{
  code: 'EADDRINUSE',
  errno: -4091,
  syscall: 'listen',
  address: '::',
  port: 5000,
  level: 'error',
  label: 'UM😊',
  timestamp: '2023-07-10T16:30:14.090Z'
}
{
  code: 'EADDRINUSE',
  errno: -4091,
  syscall: 'listen',
  address: '::',
  port: 5000,
  level: 'error',
  label: 'UM😊',
  timestamp: '2023-07-10T16:30:23.405Z'
}
{
  code: 'EADDRINUSE',
  errno: -4091,
  syscall: 'listen',
  address: '::',
  port: 5000,
  level: 'error',
  label: 'UM😊',
  timestamp: '2023-07-10T16:30:42.422Z'
}
{
  code: 'EADDRINUSE',
  errno: -4091,
  syscall: 'listen',
  address: '::',
  port: 5000,
  level: 'error',
  label: 'UM😊',
  timestamp: '2023-07-10T16:30:55.835Z'
}
{
  code: 'EADDRINUSE',
  errno: -4091,
  syscall: 'listen',
  address: '::',
  port: 5000,
  level: 'error',
  label: 'UM😊',
  timestamp: '2023-07-10T16:31:10.810Z'
}
{
  code: 'EADDRINUSE',
  errno: -4091,
  syscall: 'listen',
  address: '::',
  port: 5000,
  level: 'error',
  label: 'UM😊',
  timestamp: '2023-07-10T16:31:25.644Z'
}
{
  code: 'EADDRINUSE',
  errno: -4091,
  syscall: 'listen',
  address: '::',
  port: 5000,
  level: 'error',
  label: 'UM😊',
  timestamp: '2023-07-10T16:32:27.900Z'
}
{
  code: 'EADDRINUSE',
  errno: -4091,
  syscall: 'listen',
  address: '::',
  port: 5000,
  level: 'error',
  label: 'UM😊',
  timestamp: '2023-07-10T16:35:02.487Z'
}
{
  code: 'EADDRINUSE',
  errno: -4091,
  syscall: 'listen',
  address: '::',
  port: 5000,
  level: 'error',
  label: 'UM😊',
  timestamp: '2023-07-10T16:38:35.613Z'
}
