{
  statusCode: 404,
  level: 'error',
  message: '🔴 globalErrorHandler ~ Student not found !',
  stack: 'Error: Student not found !\n' +
    '    at C:\\Next Level Course\\UniversityManagement\\UniversityManagementServer\\src\\app\\modules\\student\\student.service.ts:90:11\n' +
    '    at Generator.next (<anonymous>)\n' +
    '    at fulfilled (C:\\Next Level Course\\UniversityManagement\\UniversityManagementServer\\src\\app\\modules\\student\\student.service.ts:5:58)\n' +
    '    at runMicrotasks (<anonymous>)\n' +
    '    at processTicksAndRejections (node:internal/process/task_queues:96:5)',
  label: 'UM😊',
  timestamp: '2023-07-27T18:20:13.524Z'
}
{
  issues: [
    {
      received: 'Male',
      code: 'invalid_enum_value',
      options: [ 'male', 'female' ],
      path: [ 'body', 'student', 'gender' ],
      message: "Invalid enum value. Expected 'male' | 'female', received 'Male'"
    }
  ],
  addIssue: [Function (anonymous)],
  addIssues: [Function (anonymous)],
  name: 'ZodError',
  level: 'error',
  message: '🔴 globalErrorHandler ~ [\n' +
    '  {\n' +
    '    "received": "Male",\n' +
    '    "code": "invalid_enum_value",\n' +
    '    "options": [\n' +
    '      "male",\n' +
    '      "female"\n' +
    '    ],\n' +
    '    "path": [\n' +
    '      "body",\n' +
    '      "student",\n' +
    '      "gender"\n' +
    '    ],\n' +
    `    "message": "Invalid enum value. Expected 'male' | 'female', received 'Male'"\n` +
    '  }\n' +
    ']',
  stack: 'ZodError: [\n' +
    '  {\n' +
    '    "received": "Male",\n' +
    '    "code": "invalid_enum_value",\n' +
    '    "options": [\n' +
    '      "male",\n' +
    '      "female"\n' +
    '    ],\n' +
    '    "path": [\n' +
    '      "body",\n' +
    '      "student",\n' +
    '      "gender"\n' +
    '    ],\n' +
    `    "message": "Invalid enum value. Expected 'male' | 'female', received 'Male'"\n` +
    '  }\n' +
    ']\n' +
    '    at Object.get error [as error] (C:\\Next Level Course\\UniversityManagement\\UniversityManagementServer\\node_modules\\zod\\lib\\types.js:43:31)\n' +
    '    at ZodObject.parseAsync (C:\\Next Level Course\\UniversityManagement\\UniversityManagementServer\\node_modules\\zod\\lib\\types.js:164:22)\n' +
    '    at runMicrotasks (<anonymous>)\n' +
    '    at processTicksAndRejections (node:internal/process/task_queues:96:5)',
  label: 'UM😊',
  timestamp: '2023-07-27T18:21:13.305Z'
}
{
  index: 0,
  code: 11000,
  keyPattern: { email: 1 },
  keyValue: { email: 'john.doe@example.com' },
  level: 'error',
  message: '🔴 globalErrorHandler ~ E11000 duplicate key error collection: university-management.students index: email_1 dup key: { email: "john.doe@example.com" }',
  stack: 'MongoServerError: E11000 duplicate key error collection: university-management.students index: email_1 dup key: { email: "john.doe@example.com" }\n' +
    '    at C:\\Next Level Course\\UniversityManagement\\UniversityManagementServer\\node_modules\\mongodb\\src\\operations\\insert.ts:85:25\n' +
    '    at C:\\Next Level Course\\UniversityManagement\\UniversityManagementServer\\node_modules\\mongodb\\src\\cmap\\connection_pool.ts:574:11\n' +
    '    at C:\\Next Level Course\\UniversityManagement\\UniversityManagementServer\\node_modules\\mongodb\\src\\sdam\\server.ts:368:13\n' +
    '    at handleOperationResult (C:\\Next Level Course\\UniversityManagement\\UniversityManagementServer\\node_modules\\mongodb\\src\\sdam\\server.ts:502:14)\n' +
    '    at Connection.onMessage (C:\\Next Level Course\\UniversityManagement\\UniversityManagementServer\\node_modules\\mongodb\\src\\cmap\\connection.ts:418:5)\n' +
    '    at MessageStream.<anonymous> (C:\\Next Level Course\\UniversityManagement\\UniversityManagementServer\\node_modules\\mongodb\\src\\cmap\\connection.ts:243:56)\n' +
    '    at MessageStream.emit (node:events:527:28)\n' +
    '    at processIncomingData (C:\\Next Level Course\\UniversityManagement\\UniversityManagementServer\\node_modules\\mongodb\\src\\cmap\\message_stream.ts:187:12)\n' +
    '    at MessageStream._write (C:\\Next Level Course\\UniversityManagement\\UniversityManagementServer\\node_modules\\mongodb\\src\\cmap\\message_stream.ts:68:5)\n' +
    '    at writeOrBuffer (node:internal/streams/writable:389:12)',
  label: 'UM😊',
  timestamp: '2023-07-27T18:22:54.688Z',
  [Symbol(errorLabels)]: Set(0) {}
}
{
  statusCode: 404,
  level: 'error',
  message: '🔴 globalErrorHandler ~ Student not found !',
  stack: 'Error: Student not found !\n' +
    '    at C:\\Next Level Course\\UniversityManagement\\UniversityManagementServer\\src\\app\\modules\\student\\student.service.ts:90:11\n' +
    '    at Generator.next (<anonymous>)\n' +
    '    at fulfilled (C:\\Next Level Course\\UniversityManagement\\UniversityManagementServer\\src\\app\\modules\\student\\student.service.ts:5:58)\n' +
    '    at runMicrotasks (<anonymous>)\n' +
    '    at processTicksAndRejections (node:internal/process/task_queues:96:5)',
  label: 'UM😊',
  timestamp: '2023-07-27T18:26:04.147Z'
}
