{
  errors: {
    role: ValidatorError: Path `role` is required.
        at validate (C:\Next Level Course\UniversityManagement\UniversityManagementServer\node_modules\mongoose\lib\schematype.js:1349:13)
        at SchemaString.SchemaType.doValidate (C:\Next Level Course\UniversityManagement\UniversityManagementServer\node_modules\mongoose\lib\schematype.js:1333:7)
        at C:\Next Level Course\UniversityManagement\UniversityManagementServer\node_modules\mongoose\lib\document.js:2932:18
        at processTicksAndRejections (node:internal/process/task_queues:77:11) {
      properties: {
        validator: [Function (anonymous)],
        message: 'Path `role` is required.',
        type: 'required',
        path: 'role',
        value: undefined
      },
      kind: 'required',
      path: 'role',
      value: undefined,
      reason: undefined,
      [Symbol(mongoose:validatorError)]: true
    }
  },
  _message: 'User validation failed',
  level: 'error',
  message: '🔴 globalErrorHandler ~ User validation failed: role: Path `role` is required.',
  stack: 'ValidationError: User validation failed: role: Path `role` is required.\n' +
    '    at model.Document.invalidate (C:\\Next Level Course\\UniversityManagement\\UniversityManagementServer\\node_modules\\mongoose\\lib\\document.js:3147:32)\n' +
    '    at C:\\Next Level Course\\UniversityManagement\\UniversityManagementServer\\node_modules\\mongoose\\lib\\document.js:2940:17\n' +
    '    at C:\\Next Level Course\\UniversityManagement\\UniversityManagementServer\\node_modules\\mongoose\\lib\\schematype.js:1352:9\n' +
    '    at processTicksAndRejections (node:internal/process/task_queues:77:11)',
  label: 'UM😊',
  timestamp: '2023-06-22T18:52:31.214Z'
}
{
  statusCode: 400,
  level: 'error',
  message: '🔴 globalErrorHandler ~ Ore baba error !',
  stack: 'Error: Ore baba error !\n' +
    '    at C:\\Next Level Course\\UniversityManagement\\UniversityManagementServer\\src\\app.ts:27:9\n' +
    '    at Layer.handle [as handle_request] (C:\\Next Level Course\\UniversityManagement\\UniversityManagementServer\\node_modules\\express\\lib\\router\\layer.js:95:5)\n' +
    '    at next (C:\\Next Level Course\\UniversityManagement\\UniversityManagementServer\\node_modules\\express\\lib\\router\\route.js:144:13)\n' +
    '    at Route.dispatch (C:\\Next Level Course\\UniversityManagement\\UniversityManagementServer\\node_modules\\express\\lib\\router\\route.js:114:3)\n' +
    '    at Layer.handle [as handle_request] (C:\\Next Level Course\\UniversityManagement\\UniversityManagementServer\\node_modules\\express\\lib\\router\\layer.js:95:5)\n' +
    '    at C:\\Next Level Course\\UniversityManagement\\UniversityManagementServer\\node_modules\\express\\lib\\router\\index.js:284:15\n' +
    '    at Function.process_params (C:\\Next Level Course\\UniversityManagement\\UniversityManagementServer\\node_modules\\express\\lib\\router\\index.js:346:12)\n' +
    '    at next (C:\\Next Level Course\\UniversityManagement\\UniversityManagementServer\\node_modules\\express\\lib\\router\\index.js:280:10)\n' +
    '    at urlencodedParser (C:\\Next Level Course\\UniversityManagement\\UniversityManagementServer\\node_modules\\body-parser\\lib\\types\\urlencoded.js:91:7)\n' +
    '    at Layer.handle [as handle_request] (C:\\Next Level Course\\UniversityManagement\\UniversityManagementServer\\node_modules\\express\\lib\\router\\layer.js:95:5)',
  label: 'UM😊',
  timestamp: '2023-06-22T18:52:55.036Z'
}
