{
  stringValue: '"i"',
  messageFormat: undefined,
  kind: 'number',
  value: 'i',
  path: 'year',
  reason: null,
  valueType: 'string',
  model: Model { AcademicSemeter },
  level: 'error',
  message: '🔴 globalErrorHandler ~ Cast to number failed for value "i" (type string) at path "year" for model "AcademicSemeter"',
  stack: 'CastError: Cast to number failed for value "i" (type string) at path "year" for model "AcademicSemeter"\n' +
    '    at SchemaNumber.castForQuery (C:\\Next Level Course\\UniversityManagement\\UniversityManagementServer\\node_modules\\mongoose\\lib\\schema\\number.js:426:13)\n' +
    '    at cast (C:\\Next Level Course\\UniversityManagement\\UniversityManagementServer\\node_modules\\mongoose\\lib\\cast.js:326:39)\n' +
    '    at cast (C:\\Next Level Course\\UniversityManagement\\UniversityManagementServer\\node_modules\\mongoose\\lib\\cast.js:71:18)\n' +
    '    at cast (C:\\Next Level Course\\UniversityManagement\\UniversityManagementServer\\node_modules\\mongoose\\lib\\cast.js:71:18)\n' +
    '    at model.Query.Query.cast (C:\\Next Level Course\\UniversityManagement\\UniversityManagementServer\\node_modules\\mongoose\\lib\\query.js:4874:12)\n' +
    '    at model.Query.Query._castConditions (C:\\Next Level Course\\UniversityManagement\\UniversityManagementServer\\node_modules\\mongoose\\lib\\query.js:2210:10)\n' +
    '    at model.Query._find (C:\\Next Level Course\\UniversityManagement\\UniversityManagementServer\\node_modules\\mongoose\\lib\\query.js:2236:8)\n' +
    '    at model.Query.exec (C:\\Next Level Course\\UniversityManagement\\UniversityManagementServer\\node_modules\\mongoose\\lib\\query.js:4404:28)\n' +
    '    at processTicksAndRejections (node:internal/process/task_queues:95:5)',
  label: 'UM😊',
  timestamp: '2023-07-03T19:44:34.704Z'
}
{
  stringValue: '"i"',
  messageFormat: undefined,
  kind: 'number',
  value: 'i',
  path: 'year',
  reason: null,
  valueType: 'string',
  model: Model { AcademicSemeter },
  level: 'error',
  message: '🔴 globalErrorHandler ~ Cast to number failed for value "i" (type string) at path "year" for model "AcademicSemeter"',
  stack: 'CastError: Cast to number failed for value "i" (type string) at path "year" for model "AcademicSemeter"\n' +
    '    at SchemaNumber.castForQuery (C:\\Next Level Course\\UniversityManagement\\UniversityManagementServer\\node_modules\\mongoose\\lib\\schema\\number.js:426:13)\n' +
    '    at cast (C:\\Next Level Course\\UniversityManagement\\UniversityManagementServer\\node_modules\\mongoose\\lib\\cast.js:326:39)\n' +
    '    at cast (C:\\Next Level Course\\UniversityManagement\\UniversityManagementServer\\node_modules\\mongoose\\lib\\cast.js:71:18)\n' +
    '    at cast (C:\\Next Level Course\\UniversityManagement\\UniversityManagementServer\\node_modules\\mongoose\\lib\\cast.js:71:18)\n' +
    '    at model.Query.Query.cast (C:\\Next Level Course\\UniversityManagement\\UniversityManagementServer\\node_modules\\mongoose\\lib\\query.js:4874:12)\n' +
    '    at model.Query.Query._castConditions (C:\\Next Level Course\\UniversityManagement\\UniversityManagementServer\\node_modules\\mongoose\\lib\\query.js:2210:10)\n' +
    '    at model.Query._find (C:\\Next Level Course\\UniversityManagement\\UniversityManagementServer\\node_modules\\mongoose\\lib\\query.js:2236:8)\n' +
    '    at model.Query.exec (C:\\Next Level Course\\UniversityManagement\\UniversityManagementServer\\node_modules\\mongoose\\lib\\query.js:4404:28)\n' +
    '    at processTicksAndRejections (node:internal/process/task_queues:95:5)',
  label: 'UM😊',
  timestamp: '2023-07-03T19:44:41.420Z'
}
