{
  index: 0,
  code: 11000,
  keyPattern: { title: 1 },
  keyValue: { title: 'Faculty of Science and Engineering' },
  level: 'error',
  message: '🔴 globalErrorHandler ~ E11000 duplicate key error collection: university-management.academicfaculties index: title_1 dup key: { title: "Faculty of Science and Engineering" }',
  stack: 'MongoServerError: E11000 duplicate key error collection: university-management.academicfaculties index: title_1 dup key: { title: "Faculty of Science and Engineering" }\n' +
    '    at C:\\Next Level Course\\UniversityManagement\\UniversityManagementServer\\node_modules\\mongodb\\src\\operations\\insert.ts:85:25\n' +
    '    at C:\\Next Level Course\\UniversityManagement\\UniversityManagementServer\\node_modules\\mongodb\\src\\cmap\\connection_pool.ts:574:11\n' +
    '    at C:\\Next Level Course\\UniversityManagement\\UniversityManagementServer\\node_modules\\mongodb\\src\\sdam\\server.ts:368:13\n' +
    '    at handleOperationResult (C:\\Next Level Course\\UniversityManagement\\UniversityManagementServer\\node_modules\\mongodb\\src\\sdam\\server.ts:502:14)\n' +
    '    at Connection.onMessage (C:\\Next Level Course\\UniversityManagement\\UniversityManagementServer\\node_modules\\mongodb\\src\\cmap\\connection.ts:418:5)\n' +
    '    at MessageStream.<anonymous> (C:\\Next Level Course\\UniversityManagement\\UniversityManagementServer\\node_modules\\mongodb\\src\\cmap\\connection.ts:243:56)\n' +
    '    at MessageStream.emit (node:events:511:28)\n' +
    '    at processIncomingData (C:\\Next Level Course\\UniversityManagement\\UniversityManagementServer\\node_modules\\mongodb\\src\\cmap\\message_stream.ts:187:12)\n' +
    '    at MessageStream._write (C:\\Next Level Course\\UniversityManagement\\UniversityManagementServer\\node_modules\\mongodb\\src\\cmap\\message_stream.ts:68:5)\n' +
    '    at writeOrBuffer (node:internal/streams/writable:399:12)',
  label: 'UM😊',
  timestamp: '2023-07-05T20:12:49.373Z',
  [Symbol(errorLabels)]: Set(0) {}
}
