{
  issues: [
    {
      code: 'invalid_type',
      expected: 'object',
      received: 'undefined',
      path: [ 'body', 'name' ],
      message: 'Required'
    }
  ],
  addIssue: [Function (anonymous)],
  addIssues: [Function (anonymous)],
  name: 'ZodError',
  level: 'error',
  message: '🔴 globalErrorHandler ~ [\n' +
    '  {\n' +
    '    "code": "invalid_type",\n' +
    '    "expected": "object",\n' +
    '    "received": "undefined",\n' +
    '    "path": [\n' +
    '      "body",\n' +
    '      "name"\n' +
    '    ],\n' +
    '    "message": "Required"\n' +
    '  }\n' +
    ']',
  stack: 'ZodError: [\n' +
    '  {\n' +
    '    "code": "invalid_type",\n' +
    '    "expected": "object",\n' +
    '    "received": "undefined",\n' +
    '    "path": [\n' +
    '      "body",\n' +
    '      "name"\n' +
    '    ],\n' +
    '    "message": "Required"\n' +
    '  }\n' +
    ']\n' +
    '    at Object.get error [as error] (C:\\Next Level Course\\UniversityManagement\\UniversityManagementServer\\node_modules\\zod\\lib\\types.js:43:31)\n' +
    '    at ZodObject.parseAsync (C:\\Next Level Course\\UniversityManagement\\UniversityManagementServer\\node_modules\\zod\\lib\\types.js:164:22)\n' +
    '    at processTicksAndRejections (node:internal/process/task_queues:96:5)',
  label: 'UM😊',
  timestamp: '2023-08-03T11:23:20.486Z'
}
{
  issues: [
    {
      code: 'invalid_type',
      expected: 'object',
      received: 'undefined',
      path: [ 'body', 'name' ],
      message: 'Required'
    }
  ],
  addIssue: [Function (anonymous)],
  addIssues: [Function (anonymous)],
  name: 'ZodError',
  level: 'error',
  message: '🔴 globalErrorHandler ~ [\n' +
    '  {\n' +
    '    "code": "invalid_type",\n' +
    '    "expected": "object",\n' +
    '    "received": "undefined",\n' +
    '    "path": [\n' +
    '      "body",\n' +
    '      "name"\n' +
    '    ],\n' +
    '    "message": "Required"\n' +
    '  }\n' +
    ']',
  stack: 'ZodError: [\n' +
    '  {\n' +
    '    "code": "invalid_type",\n' +
    '    "expected": "object",\n' +
    '    "received": "undefined",\n' +
    '    "path": [\n' +
    '      "body",\n' +
    '      "name"\n' +
    '    ],\n' +
    '    "message": "Required"\n' +
    '  }\n' +
    ']\n' +
    '    at Object.get error [as error] (C:\\Next Level Course\\UniversityManagement\\UniversityManagementServer\\node_modules\\zod\\lib\\types.js:43:31)\n' +
    '    at ZodObject.parseAsync (C:\\Next Level Course\\UniversityManagement\\UniversityManagementServer\\node_modules\\zod\\lib\\types.js:164:22)\n' +
    '    at processTicksAndRejections (node:internal/process/task_queues:96:5)',
  label: 'UM😊',
  timestamp: '2023-08-03T11:23:39.805Z'
}
{
  issues: [
    {
      code: 'invalid_type',
      expected: 'object',
      received: 'undefined',
      path: [ 'body', 'name' ],
      message: 'Required'
    }
  ],
  addIssue: [Function (anonymous)],
  addIssues: [Function (anonymous)],
  name: 'ZodError',
  level: 'error',
  message: '🔴 globalErrorHandler ~ [\n' +
    '  {\n' +
    '    "code": "invalid_type",\n' +
    '    "expected": "object",\n' +
    '    "received": "undefined",\n' +
    '    "path": [\n' +
    '      "body",\n' +
    '      "name"\n' +
    '    ],\n' +
    '    "message": "Required"\n' +
    '  }\n' +
    ']',
  stack: 'ZodError: [\n' +
    '  {\n' +
    '    "code": "invalid_type",\n' +
    '    "expected": "object",\n' +
    '    "received": "undefined",\n' +
    '    "path": [\n' +
    '      "body",\n' +
    '      "name"\n' +
    '    ],\n' +
    '    "message": "Required"\n' +
    '  }\n' +
    ']\n' +
    '    at Object.get error [as error] (C:\\Next Level Course\\UniversityManagement\\UniversityManagementServer\\node_modules\\zod\\lib\\types.js:43:31)\n' +
    '    at ZodObject.parseAsync (C:\\Next Level Course\\UniversityManagement\\UniversityManagementServer\\node_modules\\zod\\lib\\types.js:164:22)\n' +
    '    at processTicksAndRejections (node:internal/process/task_queues:96:5)',
  label: 'UM😊',
  timestamp: '2023-08-03T11:23:50.677Z'
}
{
  issues: [
    {
      code: 'invalid_type',
      expected: 'object',
      received: 'undefined',
      path: [ 'body', 'name' ],
      message: 'Required'
    }
  ],
  addIssue: [Function (anonymous)],
  addIssues: [Function (anonymous)],
  name: 'ZodError',
  level: 'error',
  message: '🔴 globalErrorHandler ~ [\n' +
    '  {\n' +
    '    "code": "invalid_type",\n' +
    '    "expected": "object",\n' +
    '    "received": "undefined",\n' +
    '    "path": [\n' +
    '      "body",\n' +
    '      "name"\n' +
    '    ],\n' +
    '    "message": "Required"\n' +
    '  }\n' +
    ']',
  stack: 'ZodError: [\n' +
    '  {\n' +
    '    "code": "invalid_type",\n' +
    '    "expected": "object",\n' +
    '    "received": "undefined",\n' +
    '    "path": [\n' +
    '      "body",\n' +
    '      "name"\n' +
    '    ],\n' +
    '    "message": "Required"\n' +
    '  }\n' +
    ']\n' +
    '    at Object.get error [as error] (C:\\Next Level Course\\UniversityManagement\\UniversityManagementServer\\node_modules\\zod\\lib\\types.js:43:31)\n' +
    '    at ZodObject.parseAsync (C:\\Next Level Course\\UniversityManagement\\UniversityManagementServer\\node_modules\\zod\\lib\\types.js:164:22)\n' +
    '    at processTicksAndRejections (node:internal/process/task_queues:96:5)',
  label: 'UM😊',
  timestamp: '2023-08-03T11:23:52.000Z'
}
{
  issues: [
    {
      code: 'invalid_type',
      expected: 'object',
      received: 'undefined',
      path: [ 'body', 'name' ],
      message: 'Required'
    }
  ],
  addIssue: [Function (anonymous)],
  addIssues: [Function (anonymous)],
  name: 'ZodError',
  level: 'error',
  message: '🔴 globalErrorHandler ~ [\n' +
    '  {\n' +
    '    "code": "invalid_type",\n' +
    '    "expected": "object",\n' +
    '    "received": "undefined",\n' +
    '    "path": [\n' +
    '      "body",\n' +
    '      "name"\n' +
    '    ],\n' +
    '    "message": "Required"\n' +
    '  }\n' +
    ']',
  stack: 'ZodError: [\n' +
    '  {\n' +
    '    "code": "invalid_type",\n' +
    '    "expected": "object",\n' +
    '    "received": "undefined",\n' +
    '    "path": [\n' +
    '      "body",\n' +
    '      "name"\n' +
    '    ],\n' +
    '    "message": "Required"\n' +
    '  }\n' +
    ']\n' +
    '    at Object.get error [as error] (C:\\Next Level Course\\UniversityManagement\\UniversityManagementServer\\node_modules\\zod\\lib\\types.js:43:31)\n' +
    '    at ZodObject.parseAsync (C:\\Next Level Course\\UniversityManagement\\UniversityManagementServer\\node_modules\\zod\\lib\\types.js:164:22)\n' +
    '    at processTicksAndRejections (node:internal/process/task_queues:96:5)',
  label: 'UM😊',
  timestamp: '2023-08-03T11:23:52.786Z'
}
