{
  statusCode: 400,
  level: 'error',
  message: '🔴 globalErrorHandler ~ Invalid semester code !',
  stack: 'Error: Invalid semester code !\n' +
    '    at C:\\Next Level Course\\UniversityManagement\\UniversityManagementServer\\src\\app\\modules\\academicSemester\\academicSemester.service.ts:18:11\n' +
    '    at Generator.next (<anonymous>)\n' +
    '    at C:\\Next Level Course\\UniversityManagement\\UniversityManagementServer\\src\\app\\modules\\academicSemester\\academicSemester.service.ts:8:71\n' +
    '    at new Promise (<anonymous>)\n' +
    '    at __awaiter (C:\\Next Level Course\\UniversityManagement\\UniversityManagementServer\\src\\app\\modules\\academicSemester\\academicSemester.service.ts:4:12)\n' +
    '    at Object.createSemester (C:\\Next Level Course\\UniversityManagement\\UniversityManagementServer\\src\\app\\modules\\academicSemester\\academicSemester.service.ts:16:33)\n' +
    '    at C:\\Next Level Course\\UniversityManagement\\UniversityManagementServer\\src\\app\\modules\\academicSemester\\academicSemester.controller.ts:13:50\n' +
    '    at Generator.next (<anonymous>)\n' +
    '    at C:\\Next Level Course\\UniversityManagement\\UniversityManagementServer\\src\\app\\modules\\academicSemester\\academicSemester.controller.ts:8:71\n' +
    '    at new Promise (<anonymous>)',
  label: 'UM😊',
  timestamp: '2023-07-04T13:58:21.175Z'
}
{
  ok: 0,
  code: 2,
  codeName: 'BadValue',
  '$clusterTime': {
    clusterTime: new Timestamp({ t: 1688479157, i: 38 }),
    signature: {
      hash: Binary.createFromBase64("/ZH/qDKbQMUOvFx7ycaIiB4GbRY=", 0),
      keyId: new Long("7206028535033495554")
    }
  },
  operationTime: new Timestamp({ t: 1688479157, i: 38 }),
  level: 'error',
  message: '🔴 globalErrorHandler ~ $regex has to be a string',
  stack: 'MongoServerError: $regex has to be a string\n' +
    '    at Connection.onMessage (C:\\Next Level Course\\UniversityManagement\\UniversityManagementServer\\node_modules\\mongodb\\src\\cmap\\connection.ts:413:18)\n' +
    '    at MessageStream.<anonymous> (C:\\Next Level Course\\UniversityManagement\\UniversityManagementServer\\node_modules\\mongodb\\src\\cmap\\connection.ts:243:56)\n' +
    '    at MessageStream.emit (node:events:511:28)\n' +
    '    at processIncomingData (C:\\Next Level Course\\UniversityManagement\\UniversityManagementServer\\node_modules\\mongodb\\src\\cmap\\message_stream.ts:187:12)\n' +
    '    at MessageStream._write (C:\\Next Level Course\\UniversityManagement\\UniversityManagementServer\\node_modules\\mongodb\\src\\cmap\\message_stream.ts:68:5)\n' +
    '    at writeOrBuffer (node:internal/streams/writable:399:12)\n' +
    '    at _write (node:internal/streams/writable:340:10)\n' +
    '    at MessageStream.Writable.write (node:internal/streams/writable:344:10)\n' +
    '    at TLSSocket.ondata (node:internal/streams/readable:774:22)\n' +
    '    at TLSSocket.emit (node:events:511:28)',
  label: 'UM😊',
  timestamp: '2023-07-04T13:59:15.474Z',
  [Symbol(errorLabels)]: Set(0) {}
}
