{
  stringValue: '"64a425ae0d3455af823b"',
  messageFormat: undefined,
  kind: 'ObjectId',
  value: '64a425ae0d3455af823b',
  path: '_id',
  reason: BSONError: Argument passed in must be a string of 12 bytes or a string of 24 hex characters or an integer
      at new ObjectId (C:\Next Level Course\UniversityManagement\UniversityManagementServer\node_modules\bson\src\objectid.ts:88:15)
      at castObjectId (C:\Next Level Course\UniversityManagement\UniversityManagementServer\node_modules\mongoose\lib\cast\objectid.js:25:12)
      at ObjectId.cast (C:\Next Level Course\UniversityManagement\UniversityManagementServer\node_modules\mongoose\lib\schema\objectid.js:246:12)
      at ObjectId.SchemaType.applySetters (C:\Next Level Course\UniversityManagement\UniversityManagementServer\node_modules\mongoose\lib\schematype.js:1204:12)
      at ObjectId.SchemaType.castForQuery (C:\Next Level Course\UniversityManagement\UniversityManagementServer\node_modules\mongoose\lib\schematype.js:1616:15)
      at cast (C:\Next Level Course\UniversityManagement\UniversityManagementServer\node_modules\mongoose\lib\cast.js:348:32)
      at model.Query.Query.cast (C:\Next Level Course\UniversityManagement\UniversityManagementServer\node_modules\mongoose\lib\query.js:4874:12)
      at model.Query.Query._castConditions (C:\Next Level Course\UniversityManagement\UniversityManagementServer\node_modules\mongoose\lib\query.js:2210:10)
      at model.Query._findOne (C:\Next Level Course\UniversityManagement\UniversityManagementServer\node_modules\mongoose\lib\query.js:2497:8)
      at model.Query.exec (C:\Next Level Course\UniversityManagement\UniversityManagementServer\node_modules\mongoose\lib\query.js:4404:28),
  valueType: 'string',
  model: Model { AcademicSemeter },
  level: 'error',
  message: '🔴 globalErrorHandler ~ Cast to ObjectId failed for value "64a425ae0d3455af823b" (type string) at path "_id" for model "AcademicSemeter"',
  stack: 'CastError: Cast to ObjectId failed for value "64a425ae0d3455af823b" (type string) at path "_id" for model "AcademicSemeter"\n' +
    '    at ObjectId.cast (C:\\Next Level Course\\UniversityManagement\\UniversityManagementServer\\node_modules\\mongoose\\lib\\schema\\objectid.js:248:11)\n' +
    '    at ObjectId.SchemaType.applySetters (C:\\Next Level Course\\UniversityManagement\\UniversityManagementServer\\node_modules\\mongoose\\lib\\schematype.js:1204:12)\n' +
    '    at ObjectId.SchemaType.castForQuery (C:\\Next Level Course\\UniversityManagement\\UniversityManagementServer\\node_modules\\mongoose\\lib\\schematype.js:1616:15)\n' +
    '    at cast (C:\\Next Level Course\\UniversityManagement\\UniversityManagementServer\\node_modules\\mongoose\\lib\\cast.js:348:32)\n' +
    '    at model.Query.Query.cast (C:\\Next Level Course\\UniversityManagement\\UniversityManagementServer\\node_modules\\mongoose\\lib\\query.js:4874:12)\n' +
    '    at model.Query.Query._castConditions (C:\\Next Level Course\\UniversityManagement\\UniversityManagementServer\\node_modules\\mongoose\\lib\\query.js:2210:10)\n' +
    '    at model.Query._findOne (C:\\Next Level Course\\UniversityManagement\\UniversityManagementServer\\node_modules\\mongoose\\lib\\query.js:2497:8)\n' +
    '    at model.Query.exec (C:\\Next Level Course\\UniversityManagement\\UniversityManagementServer\\node_modules\\mongoose\\lib\\query.js:4404:28)\n' +
    '    at processTicksAndRejections (node:internal/process/task_queues:95:5)',
  label: 'UM😊',
  timestamp: '2023-07-04T18:10:06.790Z'
}
{
  stringValue: '"64a425ae0d3455af823b"',
  messageFormat: undefined,
  kind: 'ObjectId',
  value: '64a425ae0d3455af823b',
  path: '_id',
  reason: BSONError: Argument passed in must be a string of 12 bytes or a string of 24 hex characters or an integer
      at new ObjectId (C:\Next Level Course\UniversityManagement\UniversityManagementServer\node_modules\bson\src\objectid.ts:88:15)
      at castObjectId (C:\Next Level Course\UniversityManagement\UniversityManagementServer\node_modules\mongoose\lib\cast\objectid.js:25:12)
      at ObjectId.cast (C:\Next Level Course\UniversityManagement\UniversityManagementServer\node_modules\mongoose\lib\schema\objectid.js:246:12)
      at ObjectId.SchemaType.applySetters (C:\Next Level Course\UniversityManagement\UniversityManagementServer\node_modules\mongoose\lib\schematype.js:1204:12)
      at ObjectId.SchemaType.castForQuery (C:\Next Level Course\UniversityManagement\UniversityManagementServer\node_modules\mongoose\lib\schematype.js:1616:15)
      at cast (C:\Next Level Course\UniversityManagement\UniversityManagementServer\node_modules\mongoose\lib\cast.js:348:32)
      at model.Query.Query.cast (C:\Next Level Course\UniversityManagement\UniversityManagementServer\node_modules\mongoose\lib\query.js:4874:12)
      at model.Query.Query._castConditions (C:\Next Level Course\UniversityManagement\UniversityManagementServer\node_modules\mongoose\lib\query.js:2210:10)
      at model.Query._findOne (C:\Next Level Course\UniversityManagement\UniversityManagementServer\node_modules\mongoose\lib\query.js:2497:8)
      at model.Query.exec (C:\Next Level Course\UniversityManagement\UniversityManagementServer\node_modules\mongoose\lib\query.js:4404:28),
  valueType: 'string',
  model: Model { AcademicSemeter },
  level: 'error',
  message: '🔴 globalErrorHandler ~ Cast to ObjectId failed for value "64a425ae0d3455af823b" (type string) at path "_id" for model "AcademicSemeter"',
  stack: 'CastError: Cast to ObjectId failed for value "64a425ae0d3455af823b" (type string) at path "_id" for model "AcademicSemeter"\n' +
    '    at ObjectId.cast (C:\\Next Level Course\\UniversityManagement\\UniversityManagementServer\\node_modules\\mongoose\\lib\\schema\\objectid.js:248:11)\n' +
    '    at ObjectId.SchemaType.applySetters (C:\\Next Level Course\\UniversityManagement\\UniversityManagementServer\\node_modules\\mongoose\\lib\\schematype.js:1204:12)\n' +
    '    at ObjectId.SchemaType.castForQuery (C:\\Next Level Course\\UniversityManagement\\UniversityManagementServer\\node_modules\\mongoose\\lib\\schematype.js:1616:15)\n' +
    '    at cast (C:\\Next Level Course\\UniversityManagement\\UniversityManagementServer\\node_modules\\mongoose\\lib\\cast.js:348:32)\n' +
    '    at model.Query.Query.cast (C:\\Next Level Course\\UniversityManagement\\UniversityManagementServer\\node_modules\\mongoose\\lib\\query.js:4874:12)\n' +
    '    at model.Query.Query._castConditions (C:\\Next Level Course\\UniversityManagement\\UniversityManagementServer\\node_modules\\mongoose\\lib\\query.js:2210:10)\n' +
    '    at model.Query._findOne (C:\\Next Level Course\\UniversityManagement\\UniversityManagementServer\\node_modules\\mongoose\\lib\\query.js:2497:8)\n' +
    '    at model.Query.exec (C:\\Next Level Course\\UniversityManagement\\UniversityManagementServer\\node_modules\\mongoose\\lib\\query.js:4404:28)\n' +
    '    at processTicksAndRejections (node:internal/process/task_queues:95:5)',
  label: 'UM😊',
  timestamp: '2023-07-04T18:10:59.249Z'
}
{
  stringValue: '"64a425ae0d3455af823b"',
  messageFormat: undefined,
  kind: 'ObjectId',
  value: '64a425ae0d3455af823b',
  path: '_id',
  reason: BSONError: Argument passed in must be a string of 12 bytes or a string of 24 hex characters or an integer
      at new ObjectId (C:\Next Level Course\UniversityManagement\UniversityManagementServer\node_modules\bson\src\objectid.ts:88:15)
      at castObjectId (C:\Next Level Course\UniversityManagement\UniversityManagementServer\node_modules\mongoose\lib\cast\objectid.js:25:12)
      at ObjectId.cast (C:\Next Level Course\UniversityManagement\UniversityManagementServer\node_modules\mongoose\lib\schema\objectid.js:246:12)
      at ObjectId.SchemaType.applySetters (C:\Next Level Course\UniversityManagement\UniversityManagementServer\node_modules\mongoose\lib\schematype.js:1204:12)
      at ObjectId.SchemaType.castForQuery (C:\Next Level Course\UniversityManagement\UniversityManagementServer\node_modules\mongoose\lib\schematype.js:1616:15)
      at cast (C:\Next Level Course\UniversityManagement\UniversityManagementServer\node_modules\mongoose\lib\cast.js:348:32)
      at model.Query.Query.cast (C:\Next Level Course\UniversityManagement\UniversityManagementServer\node_modules\mongoose\lib\query.js:4874:12)
      at model.Query.Query._castConditions (C:\Next Level Course\UniversityManagement\UniversityManagementServer\node_modules\mongoose\lib\query.js:2210:10)
      at model.Query._findOne (C:\Next Level Course\UniversityManagement\UniversityManagementServer\node_modules\mongoose\lib\query.js:2497:8)
      at model.Query.exec (C:\Next Level Course\UniversityManagement\UniversityManagementServer\node_modules\mongoose\lib\query.js:4404:28),
  valueType: 'string',
  model: Model { AcademicSemeter },
  level: 'error',
  message: '🔴 globalErrorHandler ~ Cast to ObjectId failed for value "64a425ae0d3455af823b" (type string) at path "_id" for model "AcademicSemeter"',
  stack: 'CastError: Cast to ObjectId failed for value "64a425ae0d3455af823b" (type string) at path "_id" for model "AcademicSemeter"\n' +
    '    at ObjectId.cast (C:\\Next Level Course\\UniversityManagement\\UniversityManagementServer\\node_modules\\mongoose\\lib\\schema\\objectid.js:248:11)\n' +
    '    at ObjectId.SchemaType.applySetters (C:\\Next Level Course\\UniversityManagement\\UniversityManagementServer\\node_modules\\mongoose\\lib\\schematype.js:1204:12)\n' +
    '    at ObjectId.SchemaType.castForQuery (C:\\Next Level Course\\UniversityManagement\\UniversityManagementServer\\node_modules\\mongoose\\lib\\schematype.js:1616:15)\n' +
    '    at cast (C:\\Next Level Course\\UniversityManagement\\UniversityManagementServer\\node_modules\\mongoose\\lib\\cast.js:348:32)\n' +
    '    at model.Query.Query.cast (C:\\Next Level Course\\UniversityManagement\\UniversityManagementServer\\node_modules\\mongoose\\lib\\query.js:4874:12)\n' +
    '    at model.Query.Query._castConditions (C:\\Next Level Course\\UniversityManagement\\UniversityManagementServer\\node_modules\\mongoose\\lib\\query.js:2210:10)\n' +
    '    at model.Query._findOne (C:\\Next Level Course\\UniversityManagement\\UniversityManagementServer\\node_modules\\mongoose\\lib\\query.js:2497:8)\n' +
    '    at model.Query.exec (C:\\Next Level Course\\UniversityManagement\\UniversityManagementServer\\node_modules\\mongoose\\lib\\query.js:4404:28)\n' +
    '    at processTicksAndRejections (node:internal/process/task_queues:95:5)',
  label: 'UM😊',
  timestamp: '2023-07-04T18:11:00.218Z'
}
{
  stringValue: '"64a425ae0d3455af823b"',
  messageFormat: undefined,
  kind: 'ObjectId',
  value: '64a425ae0d3455af823b',
  path: '_id',
  reason: BSONError: Argument passed in must be a string of 12 bytes or a string of 24 hex characters or an integer
      at new ObjectId (C:\Next Level Course\UniversityManagement\UniversityManagementServer\node_modules\bson\src\objectid.ts:88:15)
      at castObjectId (C:\Next Level Course\UniversityManagement\UniversityManagementServer\node_modules\mongoose\lib\cast\objectid.js:25:12)
      at ObjectId.cast (C:\Next Level Course\UniversityManagement\UniversityManagementServer\node_modules\mongoose\lib\schema\objectid.js:246:12)
      at ObjectId.SchemaType.applySetters (C:\Next Level Course\UniversityManagement\UniversityManagementServer\node_modules\mongoose\lib\schematype.js:1204:12)
      at ObjectId.SchemaType.castForQuery (C:\Next Level Course\UniversityManagement\UniversityManagementServer\node_modules\mongoose\lib\schematype.js:1616:15)
      at cast (C:\Next Level Course\UniversityManagement\UniversityManagementServer\node_modules\mongoose\lib\cast.js:348:32)
      at model.Query.Query.cast (C:\Next Level Course\UniversityManagement\UniversityManagementServer\node_modules\mongoose\lib\query.js:4874:12)
      at model.Query.Query._castConditions (C:\Next Level Course\UniversityManagement\UniversityManagementServer\node_modules\mongoose\lib\query.js:2210:10)
      at model.Query._findOne (C:\Next Level Course\UniversityManagement\UniversityManagementServer\node_modules\mongoose\lib\query.js:2497:8)
      at model.Query.exec (C:\Next Level Course\UniversityManagement\UniversityManagementServer\node_modules\mongoose\lib\query.js:4404:28),
  valueType: 'string',
  model: Model { AcademicSemeter },
  level: 'error',
  message: '🔴 globalErrorHandler ~ Cast to ObjectId failed for value "64a425ae0d3455af823b" (type string) at path "_id" for model "AcademicSemeter"',
  stack: 'CastError: Cast to ObjectId failed for value "64a425ae0d3455af823b" (type string) at path "_id" for model "AcademicSemeter"\n' +
    '    at ObjectId.cast (C:\\Next Level Course\\UniversityManagement\\UniversityManagementServer\\node_modules\\mongoose\\lib\\schema\\objectid.js:248:11)\n' +
    '    at ObjectId.SchemaType.applySetters (C:\\Next Level Course\\UniversityManagement\\UniversityManagementServer\\node_modules\\mongoose\\lib\\schematype.js:1204:12)\n' +
    '    at ObjectId.SchemaType.castForQuery (C:\\Next Level Course\\UniversityManagement\\UniversityManagementServer\\node_modules\\mongoose\\lib\\schematype.js:1616:15)\n' +
    '    at cast (C:\\Next Level Course\\UniversityManagement\\UniversityManagementServer\\node_modules\\mongoose\\lib\\cast.js:348:32)\n' +
    '    at model.Query.Query.cast (C:\\Next Level Course\\UniversityManagement\\UniversityManagementServer\\node_modules\\mongoose\\lib\\query.js:4874:12)\n' +
    '    at model.Query.Query._castConditions (C:\\Next Level Course\\UniversityManagement\\UniversityManagementServer\\node_modules\\mongoose\\lib\\query.js:2210:10)\n' +
    '    at model.Query._findOne (C:\\Next Level Course\\UniversityManagement\\UniversityManagementServer\\node_modules\\mongoose\\lib\\query.js:2497:8)\n' +
    '    at model.Query.exec (C:\\Next Level Course\\UniversityManagement\\UniversityManagementServer\\node_modules\\mongoose\\lib\\query.js:4404:28)\n' +
    '    at processTicksAndRejections (node:internal/process/task_queues:95:5)',
  label: 'UM😊',
  timestamp: '2023-07-04T18:11:01.017Z'
}
{
  stringValue: '"64a425ae0d3455af823b"',
  messageFormat: undefined,
  kind: 'ObjectId',
  value: '64a425ae0d3455af823b',
  path: '_id',
  reason: BSONError: Argument passed in must be a string of 12 bytes or a string of 24 hex characters or an integer
      at new ObjectId (C:\Next Level Course\UniversityManagement\UniversityManagementServer\node_modules\bson\src\objectid.ts:88:15)
      at castObjectId (C:\Next Level Course\UniversityManagement\UniversityManagementServer\node_modules\mongoose\lib\cast\objectid.js:25:12)
      at ObjectId.cast (C:\Next Level Course\UniversityManagement\UniversityManagementServer\node_modules\mongoose\lib\schema\objectid.js:246:12)
      at ObjectId.SchemaType.applySetters (C:\Next Level Course\UniversityManagement\UniversityManagementServer\node_modules\mongoose\lib\schematype.js:1204:12)
      at ObjectId.SchemaType.castForQuery (C:\Next Level Course\UniversityManagement\UniversityManagementServer\node_modules\mongoose\lib\schematype.js:1616:15)
      at cast (C:\Next Level Course\UniversityManagement\UniversityManagementServer\node_modules\mongoose\lib\cast.js:348:32)
      at model.Query.Query.cast (C:\Next Level Course\UniversityManagement\UniversityManagementServer\node_modules\mongoose\lib\query.js:4874:12)
      at model.Query.Query._castConditions (C:\Next Level Course\UniversityManagement\UniversityManagementServer\node_modules\mongoose\lib\query.js:2210:10)
      at model.Query._findOne (C:\Next Level Course\UniversityManagement\UniversityManagementServer\node_modules\mongoose\lib\query.js:2497:8)
      at model.Query.exec (C:\Next Level Course\UniversityManagement\UniversityManagementServer\node_modules\mongoose\lib\query.js:4404:28),
  valueType: 'string',
  model: Model { AcademicSemeter },
  level: 'error',
  message: '🔴 globalErrorHandler ~ Cast to ObjectId failed for value "64a425ae0d3455af823b" (type string) at path "_id" for model "AcademicSemeter"',
  stack: 'CastError: Cast to ObjectId failed for value "64a425ae0d3455af823b" (type string) at path "_id" for model "AcademicSemeter"\n' +
    '    at ObjectId.cast (C:\\Next Level Course\\UniversityManagement\\UniversityManagementServer\\node_modules\\mongoose\\lib\\schema\\objectid.js:248:11)\n' +
    '    at ObjectId.SchemaType.applySetters (C:\\Next Level Course\\UniversityManagement\\UniversityManagementServer\\node_modules\\mongoose\\lib\\schematype.js:1204:12)\n' +
    '    at ObjectId.SchemaType.castForQuery (C:\\Next Level Course\\UniversityManagement\\UniversityManagementServer\\node_modules\\mongoose\\lib\\schematype.js:1616:15)\n' +
    '    at cast (C:\\Next Level Course\\UniversityManagement\\UniversityManagementServer\\node_modules\\mongoose\\lib\\cast.js:348:32)\n' +
    '    at model.Query.Query.cast (C:\\Next Level Course\\UniversityManagement\\UniversityManagementServer\\node_modules\\mongoose\\lib\\query.js:4874:12)\n' +
    '    at model.Query.Query._castConditions (C:\\Next Level Course\\UniversityManagement\\UniversityManagementServer\\node_modules\\mongoose\\lib\\query.js:2210:10)\n' +
    '    at model.Query._findOne (C:\\Next Level Course\\UniversityManagement\\UniversityManagementServer\\node_modules\\mongoose\\lib\\query.js:2497:8)\n' +
    '    at model.Query.exec (C:\\Next Level Course\\UniversityManagement\\UniversityManagementServer\\node_modules\\mongoose\\lib\\query.js:4404:28)\n' +
    '    at processTicksAndRejections (node:internal/process/task_queues:95:5)',
  label: 'UM😊',
  timestamp: '2023-07-04T18:11:01.909Z'
}
{
  stringValue: '"64a425ae0d3455af823b"',
  messageFormat: undefined,
  kind: 'ObjectId',
  value: '64a425ae0d3455af823b',
  path: '_id',
  reason: BSONError: Argument passed in must be a string of 12 bytes or a string of 24 hex characters or an integer
      at new ObjectId (C:\Next Level Course\UniversityManagement\UniversityManagementServer\node_modules\bson\src\objectid.ts:88:15)
      at castObjectId (C:\Next Level Course\UniversityManagement\UniversityManagementServer\node_modules\mongoose\lib\cast\objectid.js:25:12)
      at ObjectId.cast (C:\Next Level Course\UniversityManagement\UniversityManagementServer\node_modules\mongoose\lib\schema\objectid.js:246:12)
      at ObjectId.SchemaType.applySetters (C:\Next Level Course\UniversityManagement\UniversityManagementServer\node_modules\mongoose\lib\schematype.js:1204:12)
      at ObjectId.SchemaType.castForQuery (C:\Next Level Course\UniversityManagement\UniversityManagementServer\node_modules\mongoose\lib\schematype.js:1616:15)
      at cast (C:\Next Level Course\UniversityManagement\UniversityManagementServer\node_modules\mongoose\lib\cast.js:348:32)
      at model.Query.Query.cast (C:\Next Level Course\UniversityManagement\UniversityManagementServer\node_modules\mongoose\lib\query.js:4874:12)
      at model.Query.Query._castConditions (C:\Next Level Course\UniversityManagement\UniversityManagementServer\node_modules\mongoose\lib\query.js:2210:10)
      at model.Query._findOne (C:\Next Level Course\UniversityManagement\UniversityManagementServer\node_modules\mongoose\lib\query.js:2497:8)
      at model.Query.exec (C:\Next Level Course\UniversityManagement\UniversityManagementServer\node_modules\mongoose\lib\query.js:4404:28),
  valueType: 'string',
  model: Model { AcademicSemeter },
  level: 'error',
  message: '🔴 globalErrorHandler ~ Cast to ObjectId failed for value "64a425ae0d3455af823b" (type string) at path "_id" for model "AcademicSemeter"',
  stack: 'CastError: Cast to ObjectId failed for value "64a425ae0d3455af823b" (type string) at path "_id" for model "AcademicSemeter"\n' +
    '    at ObjectId.cast (C:\\Next Level Course\\UniversityManagement\\UniversityManagementServer\\node_modules\\mongoose\\lib\\schema\\objectid.js:248:11)\n' +
    '    at ObjectId.SchemaType.applySetters (C:\\Next Level Course\\UniversityManagement\\UniversityManagementServer\\node_modules\\mongoose\\lib\\schematype.js:1204:12)\n' +
    '    at ObjectId.SchemaType.castForQuery (C:\\Next Level Course\\UniversityManagement\\UniversityManagementServer\\node_modules\\mongoose\\lib\\schematype.js:1616:15)\n' +
    '    at cast (C:\\Next Level Course\\UniversityManagement\\UniversityManagementServer\\node_modules\\mongoose\\lib\\cast.js:348:32)\n' +
    '    at model.Query.Query.cast (C:\\Next Level Course\\UniversityManagement\\UniversityManagementServer\\node_modules\\mongoose\\lib\\query.js:4874:12)\n' +
    '    at model.Query.Query._castConditions (C:\\Next Level Course\\UniversityManagement\\UniversityManagementServer\\node_modules\\mongoose\\lib\\query.js:2210:10)\n' +
    '    at model.Query._findOne (C:\\Next Level Course\\UniversityManagement\\UniversityManagementServer\\node_modules\\mongoose\\lib\\query.js:2497:8)\n' +
    '    at model.Query.exec (C:\\Next Level Course\\UniversityManagement\\UniversityManagementServer\\node_modules\\mongoose\\lib\\query.js:4404:28)\n' +
    '    at processTicksAndRejections (node:internal/process/task_queues:95:5)',
  label: 'UM😊',
  timestamp: '2023-07-04T18:11:02.764Z'
}
{
  stringValue: '"64a425ae0d3455af823b"',
  messageFormat: undefined,
  kind: 'ObjectId',
  value: '64a425ae0d3455af823b',
  path: '_id',
  reason: BSONError: Argument passed in must be a string of 12 bytes or a string of 24 hex characters or an integer
      at new ObjectId (C:\Next Level Course\UniversityManagement\UniversityManagementServer\node_modules\bson\src\objectid.ts:88:15)
      at castObjectId (C:\Next Level Course\UniversityManagement\UniversityManagementServer\node_modules\mongoose\lib\cast\objectid.js:25:12)
      at ObjectId.cast (C:\Next Level Course\UniversityManagement\UniversityManagementServer\node_modules\mongoose\lib\schema\objectid.js:246:12)
      at ObjectId.SchemaType.applySetters (C:\Next Level Course\UniversityManagement\UniversityManagementServer\node_modules\mongoose\lib\schematype.js:1204:12)
      at ObjectId.SchemaType.castForQuery (C:\Next Level Course\UniversityManagement\UniversityManagementServer\node_modules\mongoose\lib\schematype.js:1616:15)
      at cast (C:\Next Level Course\UniversityManagement\UniversityManagementServer\node_modules\mongoose\lib\cast.js:348:32)
      at model.Query.Query.cast (C:\Next Level Course\UniversityManagement\UniversityManagementServer\node_modules\mongoose\lib\query.js:4874:12)
      at model.Query.Query._castConditions (C:\Next Level Course\UniversityManagement\UniversityManagementServer\node_modules\mongoose\lib\query.js:2210:10)
      at model.Query._findOne (C:\Next Level Course\UniversityManagement\UniversityManagementServer\node_modules\mongoose\lib\query.js:2497:8)
      at model.Query.exec (C:\Next Level Course\UniversityManagement\UniversityManagementServer\node_modules\mongoose\lib\query.js:4404:28),
  valueType: 'string',
  model: Model { AcademicSemeter },
  level: 'error',
  message: '🔴 globalErrorHandler ~ Cast to ObjectId failed for value "64a425ae0d3455af823b" (type string) at path "_id" for model "AcademicSemeter"',
  stack: 'CastError: Cast to ObjectId failed for value "64a425ae0d3455af823b" (type string) at path "_id" for model "AcademicSemeter"\n' +
    '    at ObjectId.cast (C:\\Next Level Course\\UniversityManagement\\UniversityManagementServer\\node_modules\\mongoose\\lib\\schema\\objectid.js:248:11)\n' +
    '    at ObjectId.SchemaType.applySetters (C:\\Next Level Course\\UniversityManagement\\UniversityManagementServer\\node_modules\\mongoose\\lib\\schematype.js:1204:12)\n' +
    '    at ObjectId.SchemaType.castForQuery (C:\\Next Level Course\\UniversityManagement\\UniversityManagementServer\\node_modules\\mongoose\\lib\\schematype.js:1616:15)\n' +
    '    at cast (C:\\Next Level Course\\UniversityManagement\\UniversityManagementServer\\node_modules\\mongoose\\lib\\cast.js:348:32)\n' +
    '    at model.Query.Query.cast (C:\\Next Level Course\\UniversityManagement\\UniversityManagementServer\\node_modules\\mongoose\\lib\\query.js:4874:12)\n' +
    '    at model.Query.Query._castConditions (C:\\Next Level Course\\UniversityManagement\\UniversityManagementServer\\node_modules\\mongoose\\lib\\query.js:2210:10)\n' +
    '    at model.Query._findOne (C:\\Next Level Course\\UniversityManagement\\UniversityManagementServer\\node_modules\\mongoose\\lib\\query.js:2497:8)\n' +
    '    at model.Query.exec (C:\\Next Level Course\\UniversityManagement\\UniversityManagementServer\\node_modules\\mongoose\\lib\\query.js:4404:28)\n' +
    '    at processTicksAndRejections (node:internal/process/task_queues:95:5)',
  label: 'UM😊',
  timestamp: '2023-07-04T18:11:03.901Z'
}
{
  stringValue: '"64a425ae0d3455af823b"',
  messageFormat: undefined,
  kind: 'ObjectId',
  value: '64a425ae0d3455af823b',
  path: '_id',
  reason: BSONError: Argument passed in must be a string of 12 bytes or a string of 24 hex characters or an integer
      at new ObjectId (C:\Next Level Course\UniversityManagement\UniversityManagementServer\node_modules\bson\src\objectid.ts:88:15)
      at castObjectId (C:\Next Level Course\UniversityManagement\UniversityManagementServer\node_modules\mongoose\lib\cast\objectid.js:25:12)
      at ObjectId.cast (C:\Next Level Course\UniversityManagement\UniversityManagementServer\node_modules\mongoose\lib\schema\objectid.js:246:12)
      at ObjectId.SchemaType.applySetters (C:\Next Level Course\UniversityManagement\UniversityManagementServer\node_modules\mongoose\lib\schematype.js:1204:12)
      at ObjectId.SchemaType.castForQuery (C:\Next Level Course\UniversityManagement\UniversityManagementServer\node_modules\mongoose\lib\schematype.js:1616:15)
      at cast (C:\Next Level Course\UniversityManagement\UniversityManagementServer\node_modules\mongoose\lib\cast.js:348:32)
      at model.Query.Query.cast (C:\Next Level Course\UniversityManagement\UniversityManagementServer\node_modules\mongoose\lib\query.js:4874:12)
      at model.Query.Query._castConditions (C:\Next Level Course\UniversityManagement\UniversityManagementServer\node_modules\mongoose\lib\query.js:2210:10)
      at model.Query._findOne (C:\Next Level Course\UniversityManagement\UniversityManagementServer\node_modules\mongoose\lib\query.js:2497:8)
      at model.Query.exec (C:\Next Level Course\UniversityManagement\UniversityManagementServer\node_modules\mongoose\lib\query.js:4404:28),
  valueType: 'string',
  model: Model { AcademicSemeter },
  level: 'error',
  message: '🔴 globalErrorHandler ~ Cast to ObjectId failed for value "64a425ae0d3455af823b" (type string) at path "_id" for model "AcademicSemeter"',
  stack: 'CastError: Cast to ObjectId failed for value "64a425ae0d3455af823b" (type string) at path "_id" for model "AcademicSemeter"\n' +
    '    at ObjectId.cast (C:\\Next Level Course\\UniversityManagement\\UniversityManagementServer\\node_modules\\mongoose\\lib\\schema\\objectid.js:248:11)\n' +
    '    at ObjectId.SchemaType.applySetters (C:\\Next Level Course\\UniversityManagement\\UniversityManagementServer\\node_modules\\mongoose\\lib\\schematype.js:1204:12)\n' +
    '    at ObjectId.SchemaType.castForQuery (C:\\Next Level Course\\UniversityManagement\\UniversityManagementServer\\node_modules\\mongoose\\lib\\schematype.js:1616:15)\n' +
    '    at cast (C:\\Next Level Course\\UniversityManagement\\UniversityManagementServer\\node_modules\\mongoose\\lib\\cast.js:348:32)\n' +
    '    at model.Query.Query.cast (C:\\Next Level Course\\UniversityManagement\\UniversityManagementServer\\node_modules\\mongoose\\lib\\query.js:4874:12)\n' +
    '    at model.Query.Query._castConditions (C:\\Next Level Course\\UniversityManagement\\UniversityManagementServer\\node_modules\\mongoose\\lib\\query.js:2210:10)\n' +
    '    at model.Query._findOne (C:\\Next Level Course\\UniversityManagement\\UniversityManagementServer\\node_modules\\mongoose\\lib\\query.js:2497:8)\n' +
    '    at model.Query.exec (C:\\Next Level Course\\UniversityManagement\\UniversityManagementServer\\node_modules\\mongoose\\lib\\query.js:4404:28)\n' +
    '    at processTicksAndRejections (node:internal/process/task_queues:95:5)',
  label: 'UM😊',
  timestamp: '2023-07-04T18:11:33.317Z'
}
{
  stringValue: '"64a425ae0d3455af823b"',
  messageFormat: undefined,
  kind: 'ObjectId',
  value: '64a425ae0d3455af823b',
  path: '_id',
  reason: BSONError: Argument passed in must be a string of 12 bytes or a string of 24 hex characters or an integer
      at new ObjectId (C:\Next Level Course\UniversityManagement\UniversityManagementServer\node_modules\bson\src\objectid.ts:88:15)
      at castObjectId (C:\Next Level Course\UniversityManagement\UniversityManagementServer\node_modules\mongoose\lib\cast\objectid.js:25:12)
      at ObjectId.cast (C:\Next Level Course\UniversityManagement\UniversityManagementServer\node_modules\mongoose\lib\schema\objectid.js:246:12)
      at ObjectId.SchemaType.applySetters (C:\Next Level Course\UniversityManagement\UniversityManagementServer\node_modules\mongoose\lib\schematype.js:1204:12)
      at ObjectId.SchemaType.castForQuery (C:\Next Level Course\UniversityManagement\UniversityManagementServer\node_modules\mongoose\lib\schematype.js:1616:15)
      at cast (C:\Next Level Course\UniversityManagement\UniversityManagementServer\node_modules\mongoose\lib\cast.js:348:32)
      at model.Query.Query.cast (C:\Next Level Course\UniversityManagement\UniversityManagementServer\node_modules\mongoose\lib\query.js:4874:12)
      at model.Query.Query._castConditions (C:\Next Level Course\UniversityManagement\UniversityManagementServer\node_modules\mongoose\lib\query.js:2210:10)
      at model.Query._findOne (C:\Next Level Course\UniversityManagement\UniversityManagementServer\node_modules\mongoose\lib\query.js:2497:8)
      at model.Query.exec (C:\Next Level Course\UniversityManagement\UniversityManagementServer\node_modules\mongoose\lib\query.js:4404:28),
  valueType: 'string',
  model: Model { AcademicSemeter },
  level: 'error',
  message: '🔴 globalErrorHandler ~ Cast to ObjectId failed for value "64a425ae0d3455af823b" (type string) at path "_id" for model "AcademicSemeter"',
  stack: 'CastError: Cast to ObjectId failed for value "64a425ae0d3455af823b" (type string) at path "_id" for model "AcademicSemeter"\n' +
    '    at ObjectId.cast (C:\\Next Level Course\\UniversityManagement\\UniversityManagementServer\\node_modules\\mongoose\\lib\\schema\\objectid.js:248:11)\n' +
    '    at ObjectId.SchemaType.applySetters (C:\\Next Level Course\\UniversityManagement\\UniversityManagementServer\\node_modules\\mongoose\\lib\\schematype.js:1204:12)\n' +
    '    at ObjectId.SchemaType.castForQuery (C:\\Next Level Course\\UniversityManagement\\UniversityManagementServer\\node_modules\\mongoose\\lib\\schematype.js:1616:15)\n' +
    '    at cast (C:\\Next Level Course\\UniversityManagement\\UniversityManagementServer\\node_modules\\mongoose\\lib\\cast.js:348:32)\n' +
    '    at model.Query.Query.cast (C:\\Next Level Course\\UniversityManagement\\UniversityManagementServer\\node_modules\\mongoose\\lib\\query.js:4874:12)\n' +
    '    at model.Query.Query._castConditions (C:\\Next Level Course\\UniversityManagement\\UniversityManagementServer\\node_modules\\mongoose\\lib\\query.js:2210:10)\n' +
    '    at model.Query._findOne (C:\\Next Level Course\\UniversityManagement\\UniversityManagementServer\\node_modules\\mongoose\\lib\\query.js:2497:8)\n' +
    '    at model.Query.exec (C:\\Next Level Course\\UniversityManagement\\UniversityManagementServer\\node_modules\\mongoose\\lib\\query.js:4404:28)\n' +
    '    at processTicksAndRejections (node:internal/process/task_queues:95:5)',
  label: 'UM😊',
  timestamp: '2023-07-04T18:12:09.657Z'
}
{
  stringValue: '"64a425ae0d3455af823b"',
  messageFormat: undefined,
  kind: 'ObjectId',
  value: '64a425ae0d3455af823b',
  path: '_id',
  reason: BSONError: Argument passed in must be a string of 12 bytes or a string of 24 hex characters or an integer
      at new ObjectId (C:\Next Level Course\UniversityManagement\UniversityManagementServer\node_modules\bson\src\objectid.ts:88:15)
      at castObjectId (C:\Next Level Course\UniversityManagement\UniversityManagementServer\node_modules\mongoose\lib\cast\objectid.js:25:12)
      at ObjectId.cast (C:\Next Level Course\UniversityManagement\UniversityManagementServer\node_modules\mongoose\lib\schema\objectid.js:246:12)
      at ObjectId.SchemaType.applySetters (C:\Next Level Course\UniversityManagement\UniversityManagementServer\node_modules\mongoose\lib\schematype.js:1204:12)
      at ObjectId.SchemaType.castForQuery (C:\Next Level Course\UniversityManagement\UniversityManagementServer\node_modules\mongoose\lib\schematype.js:1616:15)
      at cast (C:\Next Level Course\UniversityManagement\UniversityManagementServer\node_modules\mongoose\lib\cast.js:348:32)
      at model.Query.Query.cast (C:\Next Level Course\UniversityManagement\UniversityManagementServer\node_modules\mongoose\lib\query.js:4874:12)
      at model.Query.Query._castConditions (C:\Next Level Course\UniversityManagement\UniversityManagementServer\node_modules\mongoose\lib\query.js:2210:10)
      at model.Query._findOne (C:\Next Level Course\UniversityManagement\UniversityManagementServer\node_modules\mongoose\lib\query.js:2497:8)
      at model.Query.exec (C:\Next Level Course\UniversityManagement\UniversityManagementServer\node_modules\mongoose\lib\query.js:4404:28),
  valueType: 'string',
  model: Model { AcademicSemeter },
  level: 'error',
  message: '🔴 globalErrorHandler ~ Cast to ObjectId failed for value "64a425ae0d3455af823b" (type string) at path "_id" for model "AcademicSemeter"',
  stack: 'CastError: Cast to ObjectId failed for value "64a425ae0d3455af823b" (type string) at path "_id" for model "AcademicSemeter"\n' +
    '    at ObjectId.cast (C:\\Next Level Course\\UniversityManagement\\UniversityManagementServer\\node_modules\\mongoose\\lib\\schema\\objectid.js:248:11)\n' +
    '    at ObjectId.SchemaType.applySetters (C:\\Next Level Course\\UniversityManagement\\UniversityManagementServer\\node_modules\\mongoose\\lib\\schematype.js:1204:12)\n' +
    '    at ObjectId.SchemaType.castForQuery (C:\\Next Level Course\\UniversityManagement\\UniversityManagementServer\\node_modules\\mongoose\\lib\\schematype.js:1616:15)\n' +
    '    at cast (C:\\Next Level Course\\UniversityManagement\\UniversityManagementServer\\node_modules\\mongoose\\lib\\cast.js:348:32)\n' +
    '    at model.Query.Query.cast (C:\\Next Level Course\\UniversityManagement\\UniversityManagementServer\\node_modules\\mongoose\\lib\\query.js:4874:12)\n' +
    '    at model.Query.Query._castConditions (C:\\Next Level Course\\UniversityManagement\\UniversityManagementServer\\node_modules\\mongoose\\lib\\query.js:2210:10)\n' +
    '    at model.Query._findOne (C:\\Next Level Course\\UniversityManagement\\UniversityManagementServer\\node_modules\\mongoose\\lib\\query.js:2497:8)\n' +
    '    at model.Query.exec (C:\\Next Level Course\\UniversityManagement\\UniversityManagementServer\\node_modules\\mongoose\\lib\\query.js:4404:28)\n' +
    '    at processTicksAndRejections (node:internal/process/task_queues:95:5)',
  label: 'UM😊',
  timestamp: '2023-07-04T18:12:11.583Z'
}
